09.02.24 12:31:16 INFO: Assets path configured: E:\devProjekte\Python-Projekte\flet\Flet-Test-Projekte\MySQL-Flet\assets
09.02.24 12:31:16 DEBUG: Creating new PubSubHub instance
09.02.24 12:31:16 INFO: Starting up TCP server on ('localhost', 62344)
09.02.24 12:31:18 INFO: Assets path configured: E:\devProjekte\Python-Projekte\flet\Flet-Test-Projekte\MySQL-Flet\assets
09.02.24 12:31:18 DEBUG: Creating new PubSubHub instance
09.02.24 12:31:18 INFO: Starting up TCP server on ('localhost', 62344)
09.02.24 12:31:18 DEBUG: Waiting for a client connection
09.02.24 12:31:18 INFO: Connected to Flet app and handling user sessions...
09.02.24 12:31:18 DEBUG: Connection from ('127.0.0.1', 62346)
09.02.24 12:31:18 DEBUG: Message size: 314
09.02.24 12:31:18 DEBUG: _on_message: {"action":"registerWebClient","payload":{"pageName":"","pageRoute":"/","pageWidth":"1264.0","pageHeight":"681.0","windowWidth":"1280.0","windowHeight":"720.0","windowTop":"10.0","windowLeft":"10.0","isPWA":"false","isWeb":"false","isDebug":"false","platform":"windows","platformBrightness":"light","sessionId":""}}
09.02.24 12:31:18 DEBUG: __send: {"action":"registerWebClient","payload":{"session":{"id":"","controls":{"page":{"i":"page","t":"page","p":"","c":[],"route":"/","width":"1264.0","height":"681.0","windowwidth":"1280.0","windowheight":"720.0","windowtop":"10.0","windowleft":"10.0","pwa":"false","web":"false","debug":"false","platform":"windows","platformBrightness":"light"}}},"error":"","appInactive":false}}
09.02.24 12:31:18 DEBUG: Sent: 380
09.02.24 12:31:18 DEBUG: _process_command: get ['page', 'route'] {}
09.02.24 12:31:18 DEBUG: _process_command: get ['page', 'pwa'] {}
09.02.24 12:31:18 DEBUG: _process_command: get ['page', 'web'] {}
09.02.24 12:31:18 DEBUG: _process_command: get ['page', 'debug'] {}
09.02.24 12:31:18 DEBUG: _process_command: get ['page', 'platform'] {}
09.02.24 12:31:18 DEBUG: _process_command: get ['page', 'platformBrightness'] {}
09.02.24 12:31:18 DEBUG: _process_command: get ['page', 'width'] {}
09.02.24 12:31:18 DEBUG: _process_command: get ['page', 'height'] {}
09.02.24 12:31:18 DEBUG: _process_command: get ['page', 'windowWidth'] {}
09.02.24 12:31:18 DEBUG: _process_command: get ['page', 'windowHeight'] {}
09.02.24 12:31:18 DEBUG: _process_command: get ['page', 'windowTop'] {}
09.02.24 12:31:18 DEBUG: _process_command: get ['page', 'windowLeft'] {}
09.02.24 12:31:18 DEBUG: _process_command: get ['page', 'clientIP'] {}
09.02.24 12:31:18 DEBUG: _process_command: get ['page', 'clientUserAgent'] {}
09.02.24 12:31:18 INFO: Session started: 
09.02.24 12:31:18 DEBUG: _process_command: set ['page'] {'title': 'TEST: MySQL'}
09.02.24 12:31:18 DEBUG: _process_command: add [] {'to': 'page', 'at': '0'}
09.02.24 12:31:18 DEBUG: _process_command: add [] {'to': 'page', 'at': '1'}
09.02.24 12:31:18 DEBUG: __send: {"action":"pageControlsBatch","payload":[{"action":"updateControlProps","payload":{"props":[{"i":"page","title":"TEST: MySQL"}]}},{"action":"addPageControls","payload":{"controls":[{"t":"view","i":"_1","p":"page","c":["_2","_5","_8"],"at":"0"},{"t":"navigationbar","i":"_2","p":"_1","c":["_3","_4"],"bgcolor":"teal50"},{"t":"navigationdestination","i":"_3","p":"_2","c":[],"icon":"home_outlined","label":"Tester Seite 2","selectedicon":"home"},{"t":"navigationdestination","i":"_4","p":"_2","c":[],"icon":"audiotrack","label":"Tester Seite"},{"t":"responsiverow","i":"_5","p":"_1","c":["_6","_7"]},{"t":"text","i":"_6","p":"_5","c":[],"color":"blue300","size":"40","textalign":"center","value":"TEST: MySQL"},{"t":"divider","i":"_7","p":"_5","c":[]},{"t":"container","i":"_8","p":"_1","c":["_9"]},{"t":"safearea","i":"_9","p":"_8","c":["_10"],"n":"content"},{"t":"container","i":"_10","p":"_9","c":["_11"],"n":"content"},{"t":"column","i":"_11","p":"_10","c":["_12"],"n":"content"},{"t":"container","i":"_12","p":"_11","c":["_13"],"height":"450"},{"t":"column","i":"_13","p":"_12","c":["_14","_19"],"n":"content"},{"t":"responsiverow","i":"_14","p":"_13","c":["_15"]},{"t":"container","i":"_15","p":"_14","c":["_16"],"bgcolor":"Grey100","col":"{\"md\":12}","padding":"5"},{"t":"row","i":"_16","p":"_15","c":["_17","_18"],"n":"content"},{"t":"text","i":"_17","p":"_16","c":[],"value":"Tu Was: ","weight":"bold"},{"t":"iconbutton","i":"_18","p":"_16","c":[],"bgcolor":"blue300","icon":"drive_folder_upload"},{"t":"responsiverow","i":"_19","p":"_13","c":["_20"],"height":"500"},{"t":"container","i":"_20","p":"_19","c":["_21"],"bgcolor":"Yellow50","col":"{\"md\":12}","padding":"5"},{"t":"column","i":"_21","p":"_20","c":["_22","_35","_45","_47"],"n":"content"},{"t":"column","i":"_22","p":"_21","c":["_23"]},{"t":"responsiverow","i":"_23","p":"_22","c":["_24","_29","_31","_33"],"height":"60"},{"t":"container","i":"_24","p":"_23","c":["_25"],"bgcolor":"Green100","col":"{\"sm\":6,\"md\":2,\"xl\":2}","padding":"5"},{"t":"row","i":"_25","p":"_24","c":["_26","_27","_28"],"n":"content"},{"t":"iconbutton","i":"_26","p":"_25","c":[],"icon":"ADD","iconcolor":"green","tooltip":"Daten hinzuf\u00fcgen"},{"t":"iconbutton","i":"_27","p":"_25","c":[],"icon":"EDIT","iconcolor":"green","tooltip":"\u00c4nderungen \u00fcbernehmen (Neu bzw. \u00c4ndern)"},{"t":"iconbutton","i":"_28","p":"_25","c":[],"icon":"REFRESH","iconcolor":"green","tooltip":"\u00c4nderungen verwerfen"},{"t":"container","i":"_29","p":"_23","c":["_30"],"bgcolor":"Green400","col":"{\"sm\":6,\"md\":2,\"xl\":2}","padding":"5"},{"t":"textfield","i":"_30","p":"_29","c":[],"border":"underline","hinttext":"ID des buches","label":"ID","n":"content","readonly":"true"},{"t":"container","i":"_31","p":"_23","c":["_32"],"bgcolor":"Green200","col":"{\"sm\":6,\"md\":4,\"xl\":4}","padding":"5"},{"t":"textfield","i":"_32","p":"_31","c":[],"border":"underline","label":"Titel des buches","n":"content"},{"t":"container","i":"_33","p":"_23","c":["_34"],"bgcolor":"Green300","col":"{\"sm\":6,\"md\":4,\"xl\":4}","padding":"5"},{"t":"textfield","i":"_34","p":"_33","c":[],"border":"underline","label":"ISBN","n":"content"},{"t":"column","i":"_35","p":"_21","c":["_36"]},{"t":"responsiverow","i":"_36","p":"_35","c":["_37","_39","_41","_43"]},{"t":"container","i":"_37","p":"_36","c":["_38"],"bgcolor":"Yellow100","col":"{\"sm\":6,\"md\":2,\"xl\":2}","padding":"5"},{"t":"text","i":"_38","p":"_37","c":[],"n":"content","value":"Aktion: ","weight":"bold"},{"t":"container","i":"_39","p":"_36","c":["_40"],"bgcolor":"Yellow200","col":"{\"sm\":6,\"md\":4,\"xl\":4}","padding":"5"},{"t":"text","i":"_40","p":"_39","c":[],"n":"content","value":"Titel: ","weight":"bold"},{"t":"container","i":"_41","p":"_36","c":["_42"],"bgcolor":"Yellow300","col":"{\"sm\":6,\"md\":2,\"xl\":2}","padding":"5"},{"t":"text","i":"_42","p":"_41","c":[],"n":"content","value":"ISBN: ","weight":"bold"},{"t":"container","i":"_43","p":"_36","c":["_44"],"bgcolor":"Yellow400","col":"{\"sm\":6,\"md\":4,\"xl\":4}","padding":"5"},{"t":"text","i":"_44","p":"_43","c":[],"n":"content","value":"Author: ","weight":"bold"},{"t":"column","i":"_45","p":"_21","c":["_46"],"expand":"1","scroll":"always"},{"t":"column","i":"_46","p":"_45","c":[]},{"t":"column","i":"_47","p":"_21","c":["_48"]},{"t":"responsiverow","i":"_48","p":"_47","c":["_49","_51"]},{"t":"container","i":"_49","p":"_48","c":["_50"],"bgcolor":"blue00","col":"{\"sm\":6,\"md\":6,\"xl\":6}","padding":"5"},{"t":"text","i":"_50","p":"_49","c":[],"n":"content","value":"(c) Armin H\u00fcnniger 02.2024 ","weight":"bold"},{"t":"container","i":"_51","p":"_48","c":["_52"],"bgcolor":"blue400","col":"{\"sm\":6,\"md\":6,\"xl\":6}","padding":"5"},{"t":"text","i":"_52","p":"_51","c":[],"n":"content","value":" ","weight":"bold"}],"trimIDs":[]}},{"action":"addPageControls","payload":{"controls":[{"t":"offstage","i":"_53","p":"page","c":["_54","_55"],"at":"1"},{"t":"text","i":"_54","p":"_53","c":[],"bottom":"20","right":"50"},{"t":"clipboard","i":"_55","p":"_53","c":[]}],"trimIDs":[]}}]}
09.02.24 12:31:18 DEBUG: Sent: 5063
09.02.24 19:59:53 INFO: Assets path configured: E:\devProjekte\Python-Projekte\flet\Flet-Test-Projekte\MySQL-Flet\assets
09.02.24 19:59:53 DEBUG: Creating new PubSubHub instance
09.02.24 19:59:53 INFO: Starting up TCP server on ('localhost', 49983)
09.02.24 19:59:53 DEBUG: Waiting for a client connection
09.02.24 19:59:53 INFO: Connected to Flet app and handling user sessions...
09.02.24 19:59:54 DEBUG: Connection from ('127.0.0.1', 49996)
09.02.24 19:59:54 DEBUG: Message size: 314
09.02.24 19:59:54 DEBUG: _on_message: {"action":"registerWebClient","payload":{"pageName":"","pageRoute":"/","pageWidth":"1264.0","pageHeight":"681.0","windowWidth":"1280.0","windowHeight":"720.0","windowTop":"10.0","windowLeft":"10.0","isPWA":"false","isWeb":"false","isDebug":"false","platform":"windows","platformBrightness":"light","sessionId":""}}
09.02.24 19:59:54 DEBUG: __send: {"action":"registerWebClient","payload":{"session":{"id":"","controls":{"page":{"i":"page","t":"page","p":"","c":[],"route":"/","width":"1264.0","height":"681.0","windowwidth":"1280.0","windowheight":"720.0","windowtop":"10.0","windowleft":"10.0","pwa":"false","web":"false","debug":"false","platform":"windows","platformBrightness":"light"}}},"error":"","appInactive":false}}
09.02.24 19:59:54 DEBUG: Sent: 380
09.02.24 19:59:54 DEBUG: _process_command: get ['page', 'route'] {}
09.02.24 19:59:54 DEBUG: _process_command: get ['page', 'pwa'] {}
09.02.24 19:59:54 DEBUG: _process_command: get ['page', 'web'] {}
09.02.24 19:59:54 DEBUG: _process_command: get ['page', 'debug'] {}
09.02.24 19:59:54 DEBUG: _process_command: get ['page', 'platform'] {}
09.02.24 19:59:54 DEBUG: _process_command: get ['page', 'platformBrightness'] {}
09.02.24 19:59:54 DEBUG: _process_command: get ['page', 'width'] {}
09.02.24 19:59:54 DEBUG: _process_command: get ['page', 'height'] {}
09.02.24 19:59:54 DEBUG: _process_command: get ['page', 'windowWidth'] {}
09.02.24 19:59:54 DEBUG: _process_command: get ['page', 'windowHeight'] {}
09.02.24 19:59:54 DEBUG: _process_command: get ['page', 'windowTop'] {}
09.02.24 19:59:54 DEBUG: _process_command: get ['page', 'windowLeft'] {}
09.02.24 19:59:54 DEBUG: _process_command: get ['page', 'clientIP'] {}
09.02.24 19:59:54 DEBUG: _process_command: get ['page', 'clientUserAgent'] {}
09.02.24 19:59:54 INFO: Session started: 
09.02.24 19:59:54 DEBUG: _process_command: set ['page'] {'title': 'TEST: MySQL'}
09.02.24 19:59:54 DEBUG: _process_command: add [] {'to': 'page', 'at': '0'}
09.02.24 19:59:54 DEBUG: _process_command: add [] {'to': 'page', 'at': '1'}
09.02.24 19:59:54 DEBUG: __send: {"action":"pageControlsBatch","payload":[{"action":"updateControlProps","payload":{"props":[{"i":"page","title":"TEST: MySQL"}]}},{"action":"addPageControls","payload":{"controls":[{"t":"view","i":"_1","p":"page","c":["_2","_5","_8"],"at":"0"},{"t":"navigationbar","i":"_2","p":"_1","c":["_3","_4"],"bgcolor":"teal50"},{"t":"navigationdestination","i":"_3","p":"_2","c":[],"icon":"home_outlined","label":"Tester Seite 2","selectedicon":"home"},{"t":"navigationdestination","i":"_4","p":"_2","c":[],"icon":"audiotrack","label":"Tester Seite"},{"t":"responsiverow","i":"_5","p":"_1","c":["_6","_7"]},{"t":"text","i":"_6","p":"_5","c":[],"color":"blue300","size":"40","textalign":"center","value":"TEST: MySQL"},{"t":"divider","i":"_7","p":"_5","c":[]},{"t":"container","i":"_8","p":"_1","c":["_9"]},{"t":"safearea","i":"_9","p":"_8","c":["_10"],"n":"content"},{"t":"container","i":"_10","p":"_9","c":["_11"],"n":"content"},{"t":"column","i":"_11","p":"_10","c":["_12"],"n":"content"},{"t":"container","i":"_12","p":"_11","c":["_13"],"height":"450"},{"t":"column","i":"_13","p":"_12","c":["_14","_19"],"n":"content"},{"t":"responsiverow","i":"_14","p":"_13","c":["_15"]},{"t":"container","i":"_15","p":"_14","c":["_16"],"bgcolor":"Grey100","col":"{\"md\":12}","padding":"5"},{"t":"row","i":"_16","p":"_15","c":["_17","_18"],"n":"content"},{"t":"text","i":"_17","p":"_16","c":[],"value":"Tu Was: ","weight":"bold"},{"t":"iconbutton","i":"_18","p":"_16","c":[],"bgcolor":"blue300","icon":"drive_folder_upload"},{"t":"responsiverow","i":"_19","p":"_13","c":["_20"],"height":"500"},{"t":"container","i":"_20","p":"_19","c":["_21"],"bgcolor":"Yellow50","col":"{\"md\":12}","padding":"5"},{"t":"column","i":"_21","p":"_20","c":["_22","_35","_45","_47"],"n":"content"},{"t":"column","i":"_22","p":"_21","c":["_23"]},{"t":"responsiverow","i":"_23","p":"_22","c":["_24","_29","_31","_33"],"height":"60"},{"t":"container","i":"_24","p":"_23","c":["_25"],"bgcolor":"Green100","col":"{\"sm\":6,\"md\":2,\"xl\":2}","padding":"5"},{"t":"row","i":"_25","p":"_24","c":["_26","_27","_28"],"n":"content"},{"t":"iconbutton","i":"_26","p":"_25","c":[],"icon":"ADD","iconcolor":"green","tooltip":"Daten hinzuf\u00fcgen"},{"t":"iconbutton","i":"_27","p":"_25","c":[],"icon":"EDIT","iconcolor":"green","tooltip":"\u00c4nderungen \u00fcbernehmen (Neu bzw. \u00c4ndern)"},{"t":"iconbutton","i":"_28","p":"_25","c":[],"icon":"REFRESH","iconcolor":"green","tooltip":"\u00c4nderungen verwerfen"},{"t":"container","i":"_29","p":"_23","c":["_30"],"bgcolor":"Green400","col":"{\"sm\":6,\"md\":2,\"xl\":2}","padding":"5"},{"t":"textfield","i":"_30","p":"_29","c":[],"border":"underline","hinttext":"ID des buches","label":"ID","n":"content","readonly":"true"},{"t":"container","i":"_31","p":"_23","c":["_32"],"bgcolor":"Green200","col":"{\"sm\":6,\"md\":4,\"xl\":4}","padding":"5"},{"t":"textfield","i":"_32","p":"_31","c":[],"border":"underline","label":"Titel des buches","n":"content"},{"t":"container","i":"_33","p":"_23","c":["_34"],"bgcolor":"Green300","col":"{\"sm\":6,\"md\":4,\"xl\":4}","padding":"5"},{"t":"textfield","i":"_34","p":"_33","c":[],"border":"underline","label":"ISBN","n":"content"},{"t":"column","i":"_35","p":"_21","c":["_36"]},{"t":"responsiverow","i":"_36","p":"_35","c":["_37","_39","_41","_43"]},{"t":"container","i":"_37","p":"_36","c":["_38"],"bgcolor":"Yellow100","col":"{\"sm\":6,\"md\":2,\"xl\":2}","padding":"5"},{"t":"text","i":"_38","p":"_37","c":[],"n":"content","value":"Aktion: ","weight":"bold"},{"t":"container","i":"_39","p":"_36","c":["_40"],"bgcolor":"Yellow200","col":"{\"sm\":6,\"md\":4,\"xl\":4}","padding":"5"},{"t":"text","i":"_40","p":"_39","c":[],"n":"content","value":"Titel: ","weight":"bold"},{"t":"container","i":"_41","p":"_36","c":["_42"],"bgcolor":"Yellow300","col":"{\"sm\":6,\"md\":2,\"xl\":2}","padding":"5"},{"t":"text","i":"_42","p":"_41","c":[],"n":"content","value":"ISBN: ","weight":"bold"},{"t":"container","i":"_43","p":"_36","c":["_44"],"bgcolor":"Yellow400","col":"{\"sm\":6,\"md\":4,\"xl\":4}","padding":"5"},{"t":"text","i":"_44","p":"_43","c":[],"n":"content","value":"Author: ","weight":"bold"},{"t":"column","i":"_45","p":"_21","c":["_46"],"expand":"1","scroll":"always"},{"t":"column","i":"_46","p":"_45","c":[]},{"t":"column","i":"_47","p":"_21","c":["_48"]},{"t":"responsiverow","i":"_48","p":"_47","c":["_49","_51"]},{"t":"container","i":"_49","p":"_48","c":["_50"],"bgcolor":"blue00","col":"{\"sm\":6,\"md\":6,\"xl\":6}","padding":"5"},{"t":"text","i":"_50","p":"_49","c":[],"n":"content","value":"(c) Armin H\u00fcnniger 02.2024 ","weight":"bold"},{"t":"container","i":"_51","p":"_48","c":["_52"],"bgcolor":"blue400","col":"{\"sm\":6,\"md\":6,\"xl\":6}","padding":"5"},{"t":"text","i":"_52","p":"_51","c":[],"n":"content","value":" ","weight":"bold"}],"trimIDs":[]}},{"action":"addPageControls","payload":{"controls":[{"t":"offstage","i":"_53","p":"page","c":["_54","_55"],"at":"1"},{"t":"text","i":"_54","p":"_53","c":[],"bottom":"20","right":"50"},{"t":"clipboard","i":"_55","p":"_53","c":[]}],"trimIDs":[]}}]}
09.02.24 19:59:54 DEBUG: Sent: 5063
09.02.24 19:59:56 DEBUG: Message size: 345
09.02.24 19:59:56 DEBUG: _on_message: {"action":"updateControlProps","payload":{"props":[{"i":"page","windowwidth":"1280.0"},{"i":"page","windowheight":"720.0"},{"i":"page","windowtop":"10.0"},{"i":"page","windowleft":"10.0"},{"i":"page","windowminimized":"false"},{"i":"page","windowmaximized":"false"},{"i":"page","windowfocused":"false"},{"i":"page","windowfullscreen":"false"}]}}
09.02.24 19:59:56 DEBUG: page.on_event: page change [{"i":"page","windowwidth":"1280.0"},{"i":"page","windowheight":"720.0"},{"i":"page","windowtop":"10.0"},{"i":"page","windowleft":"10.0"},{"i":"page","windowminimized":"false"},{"i":"page","windowmaximized":"false"},{"i":"page","windowfocused":"false"},{"i":"page","windowfullscreen":"false"}]
09.02.24 19:59:56 DEBUG: Message size: 108
09.02.24 19:59:56 DEBUG: _on_message: {"action":"pageEventFromWeb","payload":{"eventTarget":"page","eventName":"window_event","eventData":"blur"}}
09.02.24 19:59:56 DEBUG: page.on_event: page window_event blur
09.02.24 20:00:03 DEBUG: Message size: 344
09.02.24 20:00:03 DEBUG: _on_message: {"action":"updateControlProps","payload":{"props":[{"i":"page","windowwidth":"1280.0"},{"i":"page","windowheight":"720.0"},{"i":"page","windowtop":"10.0"},{"i":"page","windowleft":"10.0"},{"i":"page","windowminimized":"false"},{"i":"page","windowmaximized":"false"},{"i":"page","windowfocused":"true"},{"i":"page","windowfullscreen":"false"}]}}
09.02.24 20:00:03 DEBUG: page.on_event: page change [{"i":"page","windowwidth":"1280.0"},{"i":"page","windowheight":"720.0"},{"i":"page","windowtop":"10.0"},{"i":"page","windowleft":"10.0"},{"i":"page","windowminimized":"false"},{"i":"page","windowmaximized":"false"},{"i":"page","windowfocused":"true"},{"i":"page","windowfullscreen":"false"}]
09.02.24 20:00:03 DEBUG: Message size: 109
09.02.24 20:00:03 DEBUG: _on_message: {"action":"pageEventFromWeb","payload":{"eventTarget":"page","eventName":"window_event","eventData":"focus"}}
09.02.24 20:00:03 DEBUG: page.on_event: page window_event focus
09.02.24 20:00:04 DEBUG: Message size: 346
09.02.24 20:00:04 DEBUG: _on_message: {"action":"updateControlProps","payload":{"props":[{"i":"page","windowwidth":"1280.0"},{"i":"page","windowheight":"720.0"},{"i":"page","windowtop":"150.0"},{"i":"page","windowleft":"243.0"},{"i":"page","windowminimized":"false"},{"i":"page","windowmaximized":"false"},{"i":"page","windowfocused":"true"},{"i":"page","windowfullscreen":"false"}]}}
09.02.24 20:00:04 DEBUG: page.on_event: page change [{"i":"page","windowwidth":"1280.0"},{"i":"page","windowheight":"720.0"},{"i":"page","windowtop":"150.0"},{"i":"page","windowleft":"243.0"},{"i":"page","windowminimized":"false"},{"i":"page","windowmaximized":"false"},{"i":"page","windowfocused":"true"},{"i":"page","windowfullscreen":"false"}]
09.02.24 20:00:04 DEBUG: Message size: 109
09.02.24 20:00:04 DEBUG: _on_message: {"action":"pageEventFromWeb","payload":{"eventTarget":"page","eventName":"window_event","eventData":"moved"}}
09.02.24 20:00:04 DEBUG: page.on_event: page window_event moved
09.02.24 20:00:08 DEBUG: Message size: 344
09.02.24 20:00:08 DEBUG: _on_message: {"action":"updateControlProps","payload":{"props":[{"i":"page","windowwidth":"1936.0"},{"i":"page","windowheight":"1048.0"},{"i":"page","windowtop":"-8.0"},{"i":"page","windowleft":"-8.0"},{"i":"page","windowminimized":"false"},{"i":"page","windowmaximized":"true"},{"i":"page","windowfocused":"true"},{"i":"page","windowfullscreen":"false"}]}}
09.02.24 20:00:08 DEBUG: page.on_event: page change [{"i":"page","windowwidth":"1936.0"},{"i":"page","windowheight":"1048.0"},{"i":"page","windowtop":"-8.0"},{"i":"page","windowleft":"-8.0"},{"i":"page","windowminimized":"false"},{"i":"page","windowmaximized":"true"},{"i":"page","windowfocused":"true"},{"i":"page","windowfullscreen":"false"}]
09.02.24 20:00:08 DEBUG: Message size: 112
09.02.24 20:00:08 DEBUG: _on_message: {"action":"pageEventFromWeb","payload":{"eventTarget":"page","eventName":"window_event","eventData":"maximize"}}
09.02.24 20:00:08 DEBUG: page.on_event: page window_event maximize
09.02.24 20:00:08 DEBUG: Message size: 405
09.02.24 20:00:08 DEBUG: _on_message: {"action":"updateControlProps","payload":{"props":[{"i":"page","width":"1920.0"},{"i":"page","height":"1009.0"},{"i":"page","windowwidth":"1936.0"},{"i":"page","windowheight":"1048.0"},{"i":"page","windowtop":"-8.0"},{"i":"page","windowleft":"-8.0"},{"i":"page","windowminimized":"false"},{"i":"page","windowmaximized":"true"},{"i":"page","windowfocused":"true"},{"i":"page","windowfullscreen":"false"}]}}
09.02.24 20:00:08 DEBUG: page.on_event: page change [{"i":"page","width":"1920.0"},{"i":"page","height":"1009.0"},{"i":"page","windowwidth":"1936.0"},{"i":"page","windowheight":"1048.0"},{"i":"page","windowtop":"-8.0"},{"i":"page","windowleft":"-8.0"},{"i":"page","windowminimized":"false"},{"i":"page","windowmaximized":"true"},{"i":"page","windowfocused":"true"},{"i":"page","windowfullscreen":"false"}]
09.02.24 20:00:08 DEBUG: Message size: 111
09.02.24 20:00:08 DEBUG: _on_message: {"action":"pageEventFromWeb","payload":{"eventTarget":"page","eventName":"resize","eventData":"1920.0,1009.0"}}
09.02.24 20:00:08 DEBUG: page.on_event: page resize 1920.0,1009.0
09.02.24 20:00:08 DEBUG: _process_command: set ['_54'] {'value': '1920.0 px (Responsive Wert: xxl - \u22651400px max)'}
09.02.24 20:00:08 DEBUG: __send: {"action":"pageControlsBatch","payload":[{"action":"updateControlProps","payload":{"props":[{"i":"_54","value":"1920.0 px (Responsive Wert: xxl - \u22651400px max)"}]}}]}
09.02.24 20:00:08 DEBUG: Sent: 174
09.02.24 20:00:22 DEBUG: Message size: 96
09.02.24 20:00:22 DEBUG: _on_message: {"action":"pageEventFromWeb","payload":{"eventTarget":"_32","eventName":"focus","eventData":""}}
09.02.24 20:00:22 DEBUG: page.on_event: _32 focus 
09.02.24 20:00:25 DEBUG: Message size: 346
09.02.24 20:00:25 DEBUG: _on_message: {"action":"updateControlProps","payload":{"props":[{"i":"page","windowwidth":"1280.0"},{"i":"page","windowheight":"720.0"},{"i":"page","windowtop":"150.0"},{"i":"page","windowleft":"243.0"},{"i":"page","windowminimized":"false"},{"i":"page","windowmaximized":"false"},{"i":"page","windowfocused":"true"},{"i":"page","windowfullscreen":"false"}]}}
09.02.24 20:00:25 DEBUG: page.on_event: page change [{"i":"page","windowwidth":"1280.0"},{"i":"page","windowheight":"720.0"},{"i":"page","windowtop":"150.0"},{"i":"page","windowleft":"243.0"},{"i":"page","windowminimized":"false"},{"i":"page","windowmaximized":"false"},{"i":"page","windowfocused":"true"},{"i":"page","windowfullscreen":"false"}]
09.02.24 20:00:25 DEBUG: Message size: 114
09.02.24 20:00:25 DEBUG: _on_message: {"action":"pageEventFromWeb","payload":{"eventTarget":"page","eventName":"window_event","eventData":"unmaximize"}}
09.02.24 20:00:25 DEBUG: page.on_event: page window_event unmaximize
09.02.24 20:00:26 DEBUG: Message size: 406
09.02.24 20:00:26 DEBUG: _on_message: {"action":"updateControlProps","payload":{"props":[{"i":"page","width":"1264.0"},{"i":"page","height":"681.0"},{"i":"page","windowwidth":"1280.0"},{"i":"page","windowheight":"720.0"},{"i":"page","windowtop":"150.0"},{"i":"page","windowleft":"243.0"},{"i":"page","windowminimized":"false"},{"i":"page","windowmaximized":"false"},{"i":"page","windowfocused":"true"},{"i":"page","windowfullscreen":"false"}]}}
09.02.24 20:00:26 DEBUG: page.on_event: page change [{"i":"page","width":"1264.0"},{"i":"page","height":"681.0"},{"i":"page","windowwidth":"1280.0"},{"i":"page","windowheight":"720.0"},{"i":"page","windowtop":"150.0"},{"i":"page","windowleft":"243.0"},{"i":"page","windowminimized":"false"},{"i":"page","windowmaximized":"false"},{"i":"page","windowfocused":"true"},{"i":"page","windowfullscreen":"false"}]
09.02.24 20:00:26 DEBUG: Message size: 110
09.02.24 20:00:26 DEBUG: _on_message: {"action":"pageEventFromWeb","payload":{"eventTarget":"page","eventName":"resize","eventData":"1264.0,681.0"}}
09.02.24 20:00:26 DEBUG: page.on_event: page resize 1264.0,681.0
09.02.24 20:00:26 DEBUG: _process_command: set ['_54'] {'value': '1264.0 px (Responsive Wert: xl - \u22651200px < 1400)'}
09.02.24 20:00:26 DEBUG: __send: {"action":"pageControlsBatch","payload":[{"action":"updateControlProps","payload":{"props":[{"i":"_54","value":"1264.0 px (Responsive Wert: xl - \u22651200px < 1400)"}]}}]}
09.02.24 20:00:26 DEBUG: Sent: 176
09.02.24 20:00:27 DEBUG: Message size: 347
09.02.24 20:00:27 DEBUG: _on_message: {"action":"updateControlProps","payload":{"props":[{"i":"page","windowwidth":"1280.0"},{"i":"page","windowheight":"720.0"},{"i":"page","windowtop":"150.0"},{"i":"page","windowleft":"243.0"},{"i":"page","windowminimized":"false"},{"i":"page","windowmaximized":"false"},{"i":"page","windowfocused":"false"},{"i":"page","windowfullscreen":"false"}]}}
09.02.24 20:00:27 DEBUG: page.on_event: page change [{"i":"page","windowwidth":"1280.0"},{"i":"page","windowheight":"720.0"},{"i":"page","windowtop":"150.0"},{"i":"page","windowleft":"243.0"},{"i":"page","windowminimized":"false"},{"i":"page","windowmaximized":"false"},{"i":"page","windowfocused":"false"},{"i":"page","windowfullscreen":"false"}]
09.02.24 20:00:27 DEBUG: Message size: 108
09.02.24 20:00:27 DEBUG: _on_message: {"action":"pageEventFromWeb","payload":{"eventTarget":"page","eventName":"window_event","eventData":"blur"}}
09.02.24 20:00:27 DEBUG: page.on_event: page window_event blur
09.02.24 20:00:34 INFO: Assets path configured: E:\devProjekte\Python-Projekte\flet\Flet-Test-Projekte\MySQL-Flet\assets
09.02.24 20:00:34 DEBUG: Creating new PubSubHub instance
09.02.24 20:00:34 INFO: Starting up TCP server on ('localhost', 49983)
09.02.24 20:00:34 DEBUG: Waiting for a client connection
09.02.24 20:00:34 INFO: Connected to Flet app and handling user sessions...
09.02.24 20:00:34 DEBUG: Connection from ('127.0.0.1', 50070)
09.02.24 20:00:34 DEBUG: Message size: 316
09.02.24 20:00:34 DEBUG: _on_message: {"action":"registerWebClient","payload":{"pageName":"","pageRoute":"/","pageWidth":"1264.0","pageHeight":"681.0","windowWidth":"1280.0","windowHeight":"720.0","windowTop":"150.0","windowLeft":"243.0","isPWA":"false","isWeb":"false","isDebug":"false","platform":"windows","platformBrightness":"light","sessionId":""}}
09.02.24 20:00:34 DEBUG: __send: {"action":"registerWebClient","payload":{"session":{"id":"","controls":{"page":{"i":"page","t":"page","p":"","c":[],"route":"/","width":"1264.0","height":"681.0","windowwidth":"1280.0","windowheight":"720.0","windowtop":"150.0","windowleft":"243.0","pwa":"false","web":"false","debug":"false","platform":"windows","platformBrightness":"light"}}},"error":"","appInactive":false}}
09.02.24 20:00:34 DEBUG: Sent: 382
09.02.24 20:00:34 DEBUG: _process_command: get ['page', 'route'] {}
09.02.24 20:00:34 DEBUG: _process_command: get ['page', 'pwa'] {}
09.02.24 20:00:34 DEBUG: _process_command: get ['page', 'web'] {}
09.02.24 20:00:34 DEBUG: _process_command: get ['page', 'debug'] {}
09.02.24 20:00:34 DEBUG: _process_command: get ['page', 'platform'] {}
09.02.24 20:00:34 DEBUG: _process_command: get ['page', 'platformBrightness'] {}
09.02.24 20:00:34 DEBUG: _process_command: get ['page', 'width'] {}
09.02.24 20:00:34 DEBUG: _process_command: get ['page', 'height'] {}
09.02.24 20:00:34 DEBUG: _process_command: get ['page', 'windowWidth'] {}
09.02.24 20:00:34 DEBUG: _process_command: get ['page', 'windowHeight'] {}
09.02.24 20:00:34 DEBUG: _process_command: get ['page', 'windowTop'] {}
09.02.24 20:00:34 DEBUG: _process_command: get ['page', 'windowLeft'] {}
09.02.24 20:00:34 DEBUG: _process_command: get ['page', 'clientIP'] {}
09.02.24 20:00:34 DEBUG: _process_command: get ['page', 'clientUserAgent'] {}
09.02.24 20:00:34 INFO: Session started: 
09.02.24 20:00:34 DEBUG: _process_command: set ['page'] {'title': 'TEST: MySQL'}
09.02.24 20:00:34 DEBUG: _process_command: add [] {'to': 'page', 'at': '0'}
09.02.24 20:00:34 DEBUG: _process_command: add [] {'to': 'page', 'at': '1'}
09.02.24 20:00:34 DEBUG: __send: {"action":"pageControlsBatch","payload":[{"action":"updateControlProps","payload":{"props":[{"i":"page","title":"TEST: MySQL"}]}},{"action":"addPageControls","payload":{"controls":[{"t":"view","i":"_1","p":"page","c":["_2","_5","_8"],"at":"0"},{"t":"navigationbar","i":"_2","p":"_1","c":["_3","_4"],"bgcolor":"teal50"},{"t":"navigationdestination","i":"_3","p":"_2","c":[],"icon":"home_outlined","label":"Tester Seite 2","selectedicon":"home"},{"t":"navigationdestination","i":"_4","p":"_2","c":[],"icon":"audiotrack","label":"Tester Seite"},{"t":"responsiverow","i":"_5","p":"_1","c":["_6","_7"]},{"t":"text","i":"_6","p":"_5","c":[],"color":"blue300","size":"40","textalign":"center","value":"TEST: MySQL"},{"t":"divider","i":"_7","p":"_5","c":[]},{"t":"container","i":"_8","p":"_1","c":["_9"]},{"t":"safearea","i":"_9","p":"_8","c":["_10"],"n":"content"},{"t":"container","i":"_10","p":"_9","c":["_11"],"n":"content"},{"t":"column","i":"_11","p":"_10","c":["_12"],"n":"content"},{"t":"container","i":"_12","p":"_11","c":["_13"],"height":"450"},{"t":"column","i":"_13","p":"_12","c":["_14","_19"],"n":"content"},{"t":"responsiverow","i":"_14","p":"_13","c":["_15"]},{"t":"container","i":"_15","p":"_14","c":["_16"],"bgcolor":"Grey100","col":"{\"md\":12}","padding":"5"},{"t":"row","i":"_16","p":"_15","c":["_17","_18"],"n":"content"},{"t":"text","i":"_17","p":"_16","c":[],"value":"Tu Was: ","weight":"bold"},{"t":"iconbutton","i":"_18","p":"_16","c":[],"bgcolor":"blue300","icon":"drive_folder_upload"},{"t":"responsiverow","i":"_19","p":"_13","c":["_20"],"height":"500"},{"t":"container","i":"_20","p":"_19","c":["_21"],"bgcolor":"Yellow50","col":"{\"md\":12}","padding":"5"},{"t":"column","i":"_21","p":"_20","c":["_22","_35","_45","_47"],"n":"content"},{"t":"column","i":"_22","p":"_21","c":["_23"]},{"t":"responsiverow","i":"_23","p":"_22","c":["_24","_29","_31","_33"],"height":"60"},{"t":"container","i":"_24","p":"_23","c":["_25"],"bgcolor":"Green100","col":"{\"sm\":6,\"md\":2,\"xl\":2}","padding":"5"},{"t":"row","i":"_25","p":"_24","c":["_26","_27","_28"],"n":"content"},{"t":"iconbutton","i":"_26","p":"_25","c":[],"icon":"ADD","iconcolor":"green","tooltip":"Daten hinzuf\u00fcgen"},{"t":"iconbutton","i":"_27","p":"_25","c":[],"icon":"EDIT","iconcolor":"green","tooltip":"\u00c4nderungen \u00fcbernehmen (Neu bzw. \u00c4ndern)"},{"t":"iconbutton","i":"_28","p":"_25","c":[],"icon":"REFRESH","iconcolor":"green","tooltip":"\u00c4nderungen verwerfen"},{"t":"container","i":"_29","p":"_23","c":["_30"],"bgcolor":"Green400","col":"{\"sm\":6,\"md\":2,\"xl\":2}","padding":"5"},{"t":"textfield","i":"_30","p":"_29","c":[],"border":"underline","hinttext":"ID des buches","label":"ID","n":"content","readonly":"true"},{"t":"container","i":"_31","p":"_23","c":["_32"],"bgcolor":"Green200","col":"{\"sm\":6,\"md\":4,\"xl\":4}","padding":"5"},{"t":"textfield","i":"_32","p":"_31","c":[],"border":"underline","label":"Titel des buches","n":"content"},{"t":"container","i":"_33","p":"_23","c":["_34"],"bgcolor":"Green300","col":"{\"sm\":6,\"md\":4,\"xl\":4}","padding":"5"},{"t":"textfield","i":"_34","p":"_33","c":[],"border":"underline","label":"ISBN","n":"content"},{"t":"column","i":"_35","p":"_21","c":["_36"]},{"t":"responsiverow","i":"_36","p":"_35","c":["_37","_39","_41","_43"]},{"t":"container","i":"_37","p":"_36","c":["_38"],"bgcolor":"Yellow100","col":"{\"sm\":6,\"md\":2,\"xl\":2}","padding":"5"},{"t":"text","i":"_38","p":"_37","c":[],"n":"content","value":"Aktion: ","weight":"bold"},{"t":"container","i":"_39","p":"_36","c":["_40"],"bgcolor":"Yellow200","col":"{\"sm\":6,\"md\":4,\"xl\":4}","padding":"5"},{"t":"text","i":"_40","p":"_39","c":[],"n":"content","value":"Titel: ","weight":"bold"},{"t":"container","i":"_41","p":"_36","c":["_42"],"bgcolor":"Yellow300","col":"{\"sm\":6,\"md\":2,\"xl\":2}","padding":"5"},{"t":"text","i":"_42","p":"_41","c":[],"n":"content","value":"ISBN: ","weight":"bold"},{"t":"container","i":"_43","p":"_36","c":["_44"],"bgcolor":"Yellow400","col":"{\"sm\":6,\"md\":4,\"xl\":4}","padding":"5"},{"t":"text","i":"_44","p":"_43","c":[],"n":"content","value":"Author: ","weight":"bold"},{"t":"column","i":"_45","p":"_21","c":["_46"],"expand":"1","scroll":"always"},{"t":"column","i":"_46","p":"_45","c":[]},{"t":"column","i":"_47","p":"_21","c":["_48"]},{"t":"responsiverow","i":"_48","p":"_47","c":["_49","_51"]},{"t":"container","i":"_49","p":"_48","c":["_50"],"bgcolor":"blue00","col":"{\"sm\":6,\"md\":6,\"xl\":6}","padding":"5"},{"t":"text","i":"_50","p":"_49","c":[],"n":"content","value":"(c) Armin H\u00fcnniger 02.2024 ","weight":"bold"},{"t":"container","i":"_51","p":"_48","c":["_52"],"bgcolor":"blue400","col":"{\"sm\":6,\"md\":6,\"xl\":6}","padding":"5"},{"t":"text","i":"_52","p":"_51","c":[],"n":"content","value":" ","weight":"bold"}],"trimIDs":[]}},{"action":"addPageControls","payload":{"controls":[{"t":"offstage","i":"_53","p":"page","c":["_54","_55"],"at":"1"},{"t":"text","i":"_54","p":"_53","c":[],"bottom":"20","right":"50"},{"t":"clipboard","i":"_55","p":"_53","c":[]}],"trimIDs":[]}}]}
09.02.24 20:00:34 DEBUG: Sent: 5063
09.02.24 20:02:41 INFO: Assets path configured: E:\devProjekte\Python-Projekte\flet\Flet-Test-Projekte\MySQL-Flet\assets
09.02.24 20:02:41 DEBUG: Creating new PubSubHub instance
09.02.24 20:02:41 INFO: Starting up TCP server on ('localhost', 49983)
09.02.24 20:02:41 DEBUG: Waiting for a client connection
09.02.24 20:02:41 INFO: Connected to Flet app and handling user sessions...
09.02.24 20:02:41 DEBUG: Connection from ('127.0.0.1', 50080)
09.02.24 20:02:41 DEBUG: Message size: 316
09.02.24 20:02:41 DEBUG: _on_message: {"action":"registerWebClient","payload":{"pageName":"","pageRoute":"/","pageWidth":"1264.0","pageHeight":"681.0","windowWidth":"1280.0","windowHeight":"720.0","windowTop":"150.0","windowLeft":"243.0","isPWA":"false","isWeb":"false","isDebug":"false","platform":"windows","platformBrightness":"light","sessionId":""}}
09.02.24 20:02:41 DEBUG: __send: {"action":"registerWebClient","payload":{"session":{"id":"","controls":{"page":{"i":"page","t":"page","p":"","c":[],"route":"/","width":"1264.0","height":"681.0","windowwidth":"1280.0","windowheight":"720.0","windowtop":"150.0","windowleft":"243.0","pwa":"false","web":"false","debug":"false","platform":"windows","platformBrightness":"light"}}},"error":"","appInactive":false}}
09.02.24 20:02:41 DEBUG: Sent: 382
09.02.24 20:02:41 DEBUG: _process_command: get ['page', 'route'] {}
09.02.24 20:02:41 DEBUG: _process_command: get ['page', 'pwa'] {}
09.02.24 20:02:41 DEBUG: _process_command: get ['page', 'web'] {}
09.02.24 20:02:41 DEBUG: _process_command: get ['page', 'debug'] {}
09.02.24 20:02:41 DEBUG: _process_command: get ['page', 'platform'] {}
09.02.24 20:02:41 DEBUG: _process_command: get ['page', 'platformBrightness'] {}
09.02.24 20:02:41 DEBUG: _process_command: get ['page', 'width'] {}
09.02.24 20:02:41 DEBUG: _process_command: get ['page', 'height'] {}
09.02.24 20:02:41 DEBUG: _process_command: get ['page', 'windowWidth'] {}
09.02.24 20:02:41 DEBUG: _process_command: get ['page', 'windowHeight'] {}
09.02.24 20:02:41 DEBUG: _process_command: get ['page', 'windowTop'] {}
09.02.24 20:02:41 DEBUG: _process_command: get ['page', 'windowLeft'] {}
09.02.24 20:02:41 DEBUG: _process_command: get ['page', 'clientIP'] {}
09.02.24 20:02:41 DEBUG: _process_command: get ['page', 'clientUserAgent'] {}
09.02.24 20:02:41 INFO: Session started: 
09.02.24 20:02:41 DEBUG: _process_command: set ['page'] {'title': 'TEST: MySQL'}
09.02.24 20:02:41 DEBUG: _process_command: add [] {'to': 'page', 'at': '0'}
09.02.24 20:02:41 DEBUG: _process_command: add [] {'to': 'page', 'at': '1'}
09.02.24 20:02:41 DEBUG: __send: {"action":"pageControlsBatch","payload":[{"action":"updateControlProps","payload":{"props":[{"i":"page","title":"TEST: MySQL"}]}},{"action":"addPageControls","payload":{"controls":[{"t":"view","i":"_1","p":"page","c":["_2","_5","_8"],"at":"0"},{"t":"navigationbar","i":"_2","p":"_1","c":["_3","_4"],"bgcolor":"teal50"},{"t":"navigationdestination","i":"_3","p":"_2","c":[],"icon":"home_outlined","label":"Tester Seite 2","selectedicon":"home"},{"t":"navigationdestination","i":"_4","p":"_2","c":[],"icon":"audiotrack","label":"Tester Seite"},{"t":"responsiverow","i":"_5","p":"_1","c":["_6","_7"]},{"t":"text","i":"_6","p":"_5","c":[],"color":"blue300","size":"40","textalign":"center","value":"TEST: MySQL"},{"t":"divider","i":"_7","p":"_5","c":[]},{"t":"container","i":"_8","p":"_1","c":["_9"]},{"t":"safearea","i":"_9","p":"_8","c":["_10"],"n":"content"},{"t":"container","i":"_10","p":"_9","c":["_11"],"n":"content"},{"t":"column","i":"_11","p":"_10","c":["_12"],"n":"content"},{"t":"container","i":"_12","p":"_11","c":["_13"],"height":"450"},{"t":"column","i":"_13","p":"_12","c":["_14","_19"],"n":"content"},{"t":"responsiverow","i":"_14","p":"_13","c":["_15"]},{"t":"container","i":"_15","p":"_14","c":["_16"],"bgcolor":"Grey100","col":"{\"md\":12}","padding":"5"},{"t":"row","i":"_16","p":"_15","c":["_17","_18"],"n":"content"},{"t":"text","i":"_17","p":"_16","c":[],"value":"Tu Was: ","weight":"bold"},{"t":"iconbutton","i":"_18","p":"_16","c":[],"bgcolor":"blue300","icon":"drive_folder_upload"},{"t":"responsiverow","i":"_19","p":"_13","c":["_20"],"height":"500"},{"t":"container","i":"_20","p":"_19","c":["_21"],"bgcolor":"Yellow50","col":"{\"md\":12}","padding":"5"},{"t":"column","i":"_21","p":"_20","c":["_22","_35","_45","_47"],"n":"content"},{"t":"column","i":"_22","p":"_21","c":["_23"]},{"t":"responsiverow","i":"_23","p":"_22","c":["_24","_29","_31","_33"],"height":"60"},{"t":"container","i":"_24","p":"_23","c":["_25"],"bgcolor":"Green100","col":"{\"sm\":6,\"md\":2,\"xl\":2}","padding":"5"},{"t":"row","i":"_25","p":"_24","c":["_26","_27","_28"],"n":"content"},{"t":"iconbutton","i":"_26","p":"_25","c":[],"icon":"ADD","iconcolor":"green","tooltip":"Daten hinzuf\u00fcgen"},{"t":"iconbutton","i":"_27","p":"_25","c":[],"icon":"EDIT","iconcolor":"green","tooltip":"\u00c4nderungen \u00fcbernehmen (Neu bzw. \u00c4ndern)"},{"t":"iconbutton","i":"_28","p":"_25","c":[],"icon":"REFRESH","iconcolor":"green","tooltip":"\u00c4nderungen verwerfen"},{"t":"container","i":"_29","p":"_23","c":["_30"],"bgcolor":"Green400","col":"{\"sm\":6,\"md\":2,\"xl\":2}","padding":"5"},{"t":"textfield","i":"_30","p":"_29","c":[],"border":"underline","hinttext":"ID des buches","label":"ID","n":"content","readonly":"true"},{"t":"container","i":"_31","p":"_23","c":["_32"],"bgcolor":"Green200","col":"{\"sm\":6,\"md\":4,\"xl\":4}","padding":"5"},{"t":"textfield","i":"_32","p":"_31","c":[],"border":"underline","label":"Titel des buches","n":"content"},{"t":"container","i":"_33","p":"_23","c":["_34"],"bgcolor":"Green300","col":"{\"sm\":6,\"md\":4,\"xl\":4}","padding":"5"},{"t":"textfield","i":"_34","p":"_33","c":[],"border":"underline","label":"ISBN","n":"content"},{"t":"column","i":"_35","p":"_21","c":["_36"]},{"t":"responsiverow","i":"_36","p":"_35","c":["_37","_39","_41","_43"]},{"t":"container","i":"_37","p":"_36","c":["_38"],"bgcolor":"Yellow100","col":"{\"sm\":6,\"md\":2,\"xl\":2}","padding":"5"},{"t":"text","i":"_38","p":"_37","c":[],"n":"content","value":"Aktion: ","weight":"bold"},{"t":"container","i":"_39","p":"_36","c":["_40"],"bgcolor":"Yellow200","col":"{\"sm\":6,\"md\":4,\"xl\":4}","padding":"5"},{"t":"text","i":"_40","p":"_39","c":[],"n":"content","value":"Titel: ","weight":"bold"},{"t":"container","i":"_41","p":"_36","c":["_42"],"bgcolor":"Yellow300","col":"{\"sm\":6,\"md\":2,\"xl\":2}","padding":"5"},{"t":"text","i":"_42","p":"_41","c":[],"n":"content","value":"ISBN: ","weight":"bold"},{"t":"container","i":"_43","p":"_36","c":["_44"],"bgcolor":"Yellow400","col":"{\"sm\":6,\"md\":4,\"xl\":4}","padding":"5"},{"t":"text","i":"_44","p":"_43","c":[],"n":"content","value":"Author: ","weight":"bold"},{"t":"column","i":"_45","p":"_21","c":["_46"],"expand":"1","scroll":"always"},{"t":"column","i":"_46","p":"_45","c":[]},{"t":"column","i":"_47","p":"_21","c":["_48"]},{"t":"responsiverow","i":"_48","p":"_47","c":["_49","_51"]},{"t":"container","i":"_49","p":"_48","c":["_50"],"bgcolor":"blue00","col":"{\"sm\":6,\"md\":6,\"xl\":6}","padding":"5"},{"t":"text","i":"_50","p":"_49","c":[],"n":"content","value":"(c) Armin H\u00fcnniger 02.2024 ","weight":"bold"},{"t":"container","i":"_51","p":"_48","c":["_52"],"bgcolor":"blue400","col":"{\"sm\":6,\"md\":6,\"xl\":6}","padding":"5"},{"t":"text","i":"_52","p":"_51","c":[],"n":"content","value":" ","weight":"bold"}],"trimIDs":[]}},{"action":"addPageControls","payload":{"controls":[{"t":"offstage","i":"_53","p":"page","c":["_54","_55"],"at":"1"},{"t":"text","i":"_54","p":"_53","c":[],"bottom":"20","right":"50"},{"t":"clipboard","i":"_55","p":"_53","c":[]}],"trimIDs":[]}}]}
09.02.24 20:02:41 DEBUG: Sent: 5063
09.02.24 20:06:17 INFO: Assets path configured: E:\devProjekte\Python-Projekte\flet\Flet-Test-Projekte\MySQL-Flet\assets
09.02.24 20:06:17 DEBUG: Creating new PubSubHub instance
09.02.24 20:06:17 INFO: Starting up TCP server on ('localhost', 49983)
09.02.24 20:06:17 DEBUG: Waiting for a client connection
09.02.24 20:06:17 INFO: Connected to Flet app and handling user sessions...
09.02.24 20:06:17 DEBUG: Connection from ('127.0.0.1', 50190)
09.02.24 20:06:17 DEBUG: Message size: 316
09.02.24 20:06:17 DEBUG: _on_message: {"action":"registerWebClient","payload":{"pageName":"","pageRoute":"/","pageWidth":"1264.0","pageHeight":"681.0","windowWidth":"1280.0","windowHeight":"720.0","windowTop":"150.0","windowLeft":"243.0","isPWA":"false","isWeb":"false","isDebug":"false","platform":"windows","platformBrightness":"light","sessionId":""}}
09.02.24 20:06:17 DEBUG: __send: {"action":"registerWebClient","payload":{"session":{"id":"","controls":{"page":{"i":"page","t":"page","p":"","c":[],"route":"/","width":"1264.0","height":"681.0","windowwidth":"1280.0","windowheight":"720.0","windowtop":"150.0","windowleft":"243.0","pwa":"false","web":"false","debug":"false","platform":"windows","platformBrightness":"light"}}},"error":"","appInactive":false}}
09.02.24 20:06:17 DEBUG: Sent: 382
09.02.24 20:06:17 DEBUG: _process_command: get ['page', 'route'] {}
09.02.24 20:06:17 DEBUG: _process_command: get ['page', 'pwa'] {}
09.02.24 20:06:17 DEBUG: _process_command: get ['page', 'web'] {}
09.02.24 20:06:17 DEBUG: _process_command: get ['page', 'debug'] {}
09.02.24 20:06:17 DEBUG: _process_command: get ['page', 'platform'] {}
09.02.24 20:06:17 DEBUG: _process_command: get ['page', 'platformBrightness'] {}
09.02.24 20:06:17 DEBUG: _process_command: get ['page', 'width'] {}
09.02.24 20:06:17 DEBUG: _process_command: get ['page', 'height'] {}
09.02.24 20:06:17 DEBUG: _process_command: get ['page', 'windowWidth'] {}
09.02.24 20:06:17 DEBUG: _process_command: get ['page', 'windowHeight'] {}
09.02.24 20:06:17 DEBUG: _process_command: get ['page', 'windowTop'] {}
09.02.24 20:06:17 DEBUG: _process_command: get ['page', 'windowLeft'] {}
09.02.24 20:06:17 DEBUG: _process_command: get ['page', 'clientIP'] {}
09.02.24 20:06:17 DEBUG: _process_command: get ['page', 'clientUserAgent'] {}
09.02.24 20:06:17 INFO: Session started: 
09.02.24 20:06:17 DEBUG: _process_command: set ['page'] {'title': 'TEST: MySQL'}
09.02.24 20:06:17 DEBUG: _process_command: add [] {'to': 'page', 'at': '0'}
09.02.24 20:06:17 DEBUG: _process_command: add [] {'to': 'page', 'at': '1'}
09.02.24 20:06:17 DEBUG: __send: {"action":"pageControlsBatch","payload":[{"action":"updateControlProps","payload":{"props":[{"i":"page","title":"TEST: MySQL"}]}},{"action":"addPageControls","payload":{"controls":[{"t":"view","i":"_1","p":"page","c":["_2","_5","_8"],"at":"0"},{"t":"navigationbar","i":"_2","p":"_1","c":["_3","_4"],"bgcolor":"teal50"},{"t":"navigationdestination","i":"_3","p":"_2","c":[],"icon":"home_outlined","label":"Tester Seite 2","selectedicon":"home"},{"t":"navigationdestination","i":"_4","p":"_2","c":[],"icon":"audiotrack","label":"Tester Seite"},{"t":"responsiverow","i":"_5","p":"_1","c":["_6","_7"]},{"t":"text","i":"_6","p":"_5","c":[],"color":"blue300","size":"40","textalign":"center","value":"TEST: MySQL"},{"t":"divider","i":"_7","p":"_5","c":[]},{"t":"container","i":"_8","p":"_1","c":["_9"]},{"t":"safearea","i":"_9","p":"_8","c":["_10"],"n":"content"},{"t":"container","i":"_10","p":"_9","c":["_11"],"n":"content"},{"t":"column","i":"_11","p":"_10","c":["_12"],"n":"content"},{"t":"container","i":"_12","p":"_11","c":["_13"],"height":"450"},{"t":"column","i":"_13","p":"_12","c":["_14","_19"],"n":"content"},{"t":"responsiverow","i":"_14","p":"_13","c":["_15"]},{"t":"container","i":"_15","p":"_14","c":["_16"],"bgcolor":"Grey100","col":"{\"md\":12}","padding":"5"},{"t":"row","i":"_16","p":"_15","c":["_17","_18"],"n":"content"},{"t":"text","i":"_17","p":"_16","c":[],"value":"Tu Was: ","weight":"bold"},{"t":"iconbutton","i":"_18","p":"_16","c":[],"bgcolor":"blue300","icon":"drive_folder_upload"},{"t":"responsiverow","i":"_19","p":"_13","c":["_20"],"height":"500"},{"t":"container","i":"_20","p":"_19","c":["_21"],"bgcolor":"Yellow50","col":"{\"md\":12}","padding":"5"},{"t":"column","i":"_21","p":"_20","c":["_22","_35","_45","_47"],"n":"content"},{"t":"column","i":"_22","p":"_21","c":["_23"]},{"t":"responsiverow","i":"_23","p":"_22","c":["_24","_29","_31","_33"],"height":"60"},{"t":"container","i":"_24","p":"_23","c":["_25"],"bgcolor":"Green100","col":"{\"sm\":6,\"md\":2,\"xl\":2}","padding":"5"},{"t":"row","i":"_25","p":"_24","c":["_26","_27","_28"],"n":"content"},{"t":"iconbutton","i":"_26","p":"_25","c":[],"icon":"ADD","iconcolor":"green","tooltip":"Daten hinzuf\u00fcgen"},{"t":"iconbutton","i":"_27","p":"_25","c":[],"icon":"EDIT","iconcolor":"green","tooltip":"\u00c4nderungen \u00fcbernehmen (Neu bzw. \u00c4ndern)"},{"t":"iconbutton","i":"_28","p":"_25","c":[],"icon":"REFRESH","iconcolor":"green","tooltip":"\u00c4nderungen verwerfen"},{"t":"container","i":"_29","p":"_23","c":["_30"],"bgcolor":"Green400","col":"{\"sm\":6,\"md\":2,\"xl\":2}","padding":"5"},{"t":"textfield","i":"_30","p":"_29","c":[],"border":"underline","hinttext":"ID des buches","label":"ID","n":"content","readonly":"true"},{"t":"container","i":"_31","p":"_23","c":["_32"],"bgcolor":"Green200","col":"{\"sm\":6,\"md\":4,\"xl\":4}","padding":"5"},{"t":"textfield","i":"_32","p":"_31","c":[],"border":"underline","label":"Titel des buches","n":"content"},{"t":"container","i":"_33","p":"_23","c":["_34"],"bgcolor":"Green300","col":"{\"sm\":6,\"md\":4,\"xl\":4}","padding":"5"},{"t":"textfield","i":"_34","p":"_33","c":[],"border":"underline","label":"ISBN","n":"content"},{"t":"column","i":"_35","p":"_21","c":["_36"]},{"t":"responsiverow","i":"_36","p":"_35","c":["_37","_39","_41","_43"]},{"t":"container","i":"_37","p":"_36","c":["_38"],"bgcolor":"Yellow100","col":"{\"sm\":6,\"md\":2,\"xl\":2}","padding":"5"},{"t":"text","i":"_38","p":"_37","c":[],"n":"content","value":"Aktion: ","weight":"bold"},{"t":"container","i":"_39","p":"_36","c":["_40"],"bgcolor":"Yellow200","col":"{\"sm\":6,\"md\":4,\"xl\":4}","padding":"5"},{"t":"text","i":"_40","p":"_39","c":[],"n":"content","value":"Titel: ","weight":"bold"},{"t":"container","i":"_41","p":"_36","c":["_42"],"bgcolor":"Yellow300","col":"{\"sm\":6,\"md\":2,\"xl\":2}","padding":"5"},{"t":"text","i":"_42","p":"_41","c":[],"n":"content","value":"ISBN: ","weight":"bold"},{"t":"container","i":"_43","p":"_36","c":["_44"],"bgcolor":"Yellow400","col":"{\"sm\":6,\"md\":4,\"xl\":4}","padding":"5"},{"t":"text","i":"_44","p":"_43","c":[],"n":"content","value":"Author: ","weight":"bold"},{"t":"column","i":"_45","p":"_21","c":["_46"],"expand":"1","scroll":"always"},{"t":"column","i":"_46","p":"_45","c":[]},{"t":"column","i":"_47","p":"_21","c":["_48"]},{"t":"responsiverow","i":"_48","p":"_47","c":["_49","_51"]},{"t":"container","i":"_49","p":"_48","c":["_50"],"bgcolor":"blue00","col":"{\"sm\":6,\"md\":6,\"xl\":6}","padding":"5"},{"t":"text","i":"_50","p":"_49","c":[],"n":"content","value":"(c) Armin H\u00fcnniger 02.2024 ","weight":"bold"},{"t":"container","i":"_51","p":"_48","c":["_52"],"bgcolor":"blue400","col":"{\"sm\":6,\"md\":6,\"xl\":6}","padding":"5"},{"t":"text","i":"_52","p":"_51","c":[],"n":"content","value":" ","weight":"bold"}],"trimIDs":[]}},{"action":"addPageControls","payload":{"controls":[{"t":"offstage","i":"_53","p":"page","c":["_54","_55"],"at":"1"},{"t":"text","i":"_54","p":"_53","c":[],"bottom":"20","right":"50"},{"t":"clipboard","i":"_55","p":"_53","c":[]}],"trimIDs":[]}}]}
09.02.24 20:06:17 DEBUG: Sent: 5063
09.02.24 20:06:33 INFO: Assets path configured: E:\devProjekte\Python-Projekte\flet\Flet-Test-Projekte\MySQL-Flet\assets
09.02.24 20:06:33 DEBUG: Creating new PubSubHub instance
09.02.24 20:06:33 INFO: Starting up TCP server on ('localhost', 49983)
09.02.24 20:06:33 DEBUG: Waiting for a client connection
09.02.24 20:06:33 INFO: Connected to Flet app and handling user sessions...
09.02.24 20:06:33 DEBUG: Connection from ('127.0.0.1', 50199)
09.02.24 20:06:33 DEBUG: Message size: 316
09.02.24 20:06:33 DEBUG: _on_message: {"action":"registerWebClient","payload":{"pageName":"","pageRoute":"/","pageWidth":"1264.0","pageHeight":"681.0","windowWidth":"1280.0","windowHeight":"720.0","windowTop":"150.0","windowLeft":"243.0","isPWA":"false","isWeb":"false","isDebug":"false","platform":"windows","platformBrightness":"light","sessionId":""}}
09.02.24 20:06:33 DEBUG: __send: {"action":"registerWebClient","payload":{"session":{"id":"","controls":{"page":{"i":"page","t":"page","p":"","c":[],"route":"/","width":"1264.0","height":"681.0","windowwidth":"1280.0","windowheight":"720.0","windowtop":"150.0","windowleft":"243.0","pwa":"false","web":"false","debug":"false","platform":"windows","platformBrightness":"light"}}},"error":"","appInactive":false}}
09.02.24 20:06:33 DEBUG: Sent: 382
09.02.24 20:06:33 DEBUG: _process_command: get ['page', 'route'] {}
09.02.24 20:06:33 DEBUG: _process_command: get ['page', 'pwa'] {}
09.02.24 20:06:33 DEBUG: _process_command: get ['page', 'web'] {}
09.02.24 20:06:33 DEBUG: _process_command: get ['page', 'debug'] {}
09.02.24 20:06:33 DEBUG: _process_command: get ['page', 'platform'] {}
09.02.24 20:06:33 DEBUG: _process_command: get ['page', 'platformBrightness'] {}
09.02.24 20:06:33 DEBUG: _process_command: get ['page', 'width'] {}
09.02.24 20:06:33 DEBUG: _process_command: get ['page', 'height'] {}
09.02.24 20:06:33 DEBUG: _process_command: get ['page', 'windowWidth'] {}
09.02.24 20:06:33 DEBUG: _process_command: get ['page', 'windowHeight'] {}
09.02.24 20:06:33 DEBUG: _process_command: get ['page', 'windowTop'] {}
09.02.24 20:06:33 DEBUG: _process_command: get ['page', 'windowLeft'] {}
09.02.24 20:06:33 DEBUG: _process_command: get ['page', 'clientIP'] {}
09.02.24 20:06:33 DEBUG: _process_command: get ['page', 'clientUserAgent'] {}
09.02.24 20:06:33 INFO: Session started: 
09.02.24 20:06:33 DEBUG: _process_command: set ['page'] {'title': 'TEST: MySQL'}
09.02.24 20:06:33 DEBUG: _process_command: add [] {'to': 'page', 'at': '0'}
09.02.24 20:06:33 DEBUG: _process_command: add [] {'to': 'page', 'at': '1'}
09.02.24 20:06:33 DEBUG: __send: {"action":"pageControlsBatch","payload":[{"action":"updateControlProps","payload":{"props":[{"i":"page","title":"TEST: MySQL"}]}},{"action":"addPageControls","payload":{"controls":[{"t":"view","i":"_1","p":"page","c":["_2","_5","_8"],"at":"0"},{"t":"navigationbar","i":"_2","p":"_1","c":["_3","_4"],"bgcolor":"teal50"},{"t":"navigationdestination","i":"_3","p":"_2","c":[],"icon":"home_outlined","label":"Tester Seite 2","selectedicon":"home"},{"t":"navigationdestination","i":"_4","p":"_2","c":[],"icon":"audiotrack","label":"Tester Seite"},{"t":"responsiverow","i":"_5","p":"_1","c":["_6","_7"]},{"t":"text","i":"_6","p":"_5","c":[],"color":"blue300","size":"40","textalign":"center","value":"TEST: MySQL"},{"t":"divider","i":"_7","p":"_5","c":[]},{"t":"container","i":"_8","p":"_1","c":["_9"]},{"t":"safearea","i":"_9","p":"_8","c":["_10"],"n":"content"},{"t":"container","i":"_10","p":"_9","c":["_11"],"n":"content"},{"t":"column","i":"_11","p":"_10","c":["_12"],"n":"content"},{"t":"container","i":"_12","p":"_11","c":["_13"],"height":"450"},{"t":"column","i":"_13","p":"_12","c":["_14","_19"],"n":"content"},{"t":"responsiverow","i":"_14","p":"_13","c":["_15"]},{"t":"container","i":"_15","p":"_14","c":["_16"],"bgcolor":"Grey100","col":"{\"md\":12}","padding":"5"},{"t":"row","i":"_16","p":"_15","c":["_17","_18"],"n":"content"},{"t":"text","i":"_17","p":"_16","c":[],"value":"Tu Was: ","weight":"bold"},{"t":"iconbutton","i":"_18","p":"_16","c":[],"bgcolor":"blue300","icon":"drive_folder_upload"},{"t":"responsiverow","i":"_19","p":"_13","c":["_20"],"height":"500"},{"t":"container","i":"_20","p":"_19","c":["_21"],"bgcolor":"Yellow50","col":"{\"md\":12}","padding":"5"},{"t":"column","i":"_21","p":"_20","c":["_22","_35","_45","_47"],"n":"content"},{"t":"column","i":"_22","p":"_21","c":["_23"]},{"t":"responsiverow","i":"_23","p":"_22","c":["_24","_29","_31","_33"],"height":"60"},{"t":"container","i":"_24","p":"_23","c":["_25"],"bgcolor":"Green100","col":"{\"sm\":6,\"md\":2,\"xl\":2}","padding":"5"},{"t":"row","i":"_25","p":"_24","c":["_26","_27","_28"],"n":"content"},{"t":"iconbutton","i":"_26","p":"_25","c":[],"icon":"ADD","iconcolor":"green","tooltip":"Daten hinzuf\u00fcgen"},{"t":"iconbutton","i":"_27","p":"_25","c":[],"icon":"EDIT","iconcolor":"green","tooltip":"\u00c4nderungen \u00fcbernehmen (Neu bzw. \u00c4ndern)"},{"t":"iconbutton","i":"_28","p":"_25","c":[],"icon":"REFRESH","iconcolor":"green","tooltip":"\u00c4nderungen verwerfen"},{"t":"container","i":"_29","p":"_23","c":["_30"],"bgcolor":"Green400","col":"{\"sm\":6,\"md\":2,\"xl\":2}","padding":"5"},{"t":"textfield","i":"_30","p":"_29","c":[],"border":"underline","hinttext":"ID des buches","label":"ID","n":"content","readonly":"true"},{"t":"container","i":"_31","p":"_23","c":["_32"],"bgcolor":"Green200","col":"{\"sm\":6,\"md\":4,\"xl\":4}","padding":"5"},{"t":"textfield","i":"_32","p":"_31","c":[],"border":"underline","label":"Titel des buches","n":"content"},{"t":"container","i":"_33","p":"_23","c":["_34"],"bgcolor":"Green300","col":"{\"sm\":6,\"md\":4,\"xl\":4}","padding":"5"},{"t":"textfield","i":"_34","p":"_33","c":[],"border":"underline","label":"ISBN","n":"content"},{"t":"column","i":"_35","p":"_21","c":["_36"]},{"t":"responsiverow","i":"_36","p":"_35","c":["_37","_39","_41","_43"]},{"t":"container","i":"_37","p":"_36","c":["_38"],"bgcolor":"Yellow100","col":"{\"sm\":6,\"md\":2,\"xl\":2}","padding":"5"},{"t":"text","i":"_38","p":"_37","c":[],"n":"content","value":"Aktion: ","weight":"bold"},{"t":"container","i":"_39","p":"_36","c":["_40"],"bgcolor":"Yellow200","col":"{\"sm\":6,\"md\":4,\"xl\":4}","padding":"5"},{"t":"text","i":"_40","p":"_39","c":[],"n":"content","value":"Titel: ","weight":"bold"},{"t":"container","i":"_41","p":"_36","c":["_42"],"bgcolor":"Yellow300","col":"{\"sm\":6,\"md\":2,\"xl\":2}","padding":"5"},{"t":"text","i":"_42","p":"_41","c":[],"n":"content","value":"ISBN: ","weight":"bold"},{"t":"container","i":"_43","p":"_36","c":["_44"],"bgcolor":"Yellow400","col":"{\"sm\":6,\"md\":4,\"xl\":4}","padding":"5"},{"t":"text","i":"_44","p":"_43","c":[],"n":"content","value":"Author: ","weight":"bold"},{"t":"column","i":"_45","p":"_21","c":["_46"],"expand":"1","scroll":"always"},{"t":"column","i":"_46","p":"_45","c":[]},{"t":"column","i":"_47","p":"_21","c":["_48"]},{"t":"responsiverow","i":"_48","p":"_47","c":["_49","_51"]},{"t":"container","i":"_49","p":"_48","c":["_50"],"bgcolor":"blue00","col":"{\"sm\":6,\"md\":6,\"xl\":6}","padding":"5"},{"t":"text","i":"_50","p":"_49","c":[],"n":"content","value":"(c) Armin H\u00fcnniger 02.2024 ","weight":"bold"},{"t":"container","i":"_51","p":"_48","c":["_52"],"bgcolor":"blue400","col":"{\"sm\":6,\"md\":6,\"xl\":6}","padding":"5"},{"t":"text","i":"_52","p":"_51","c":[],"n":"content","value":" ","weight":"bold"}],"trimIDs":[]}},{"action":"addPageControls","payload":{"controls":[{"t":"offstage","i":"_53","p":"page","c":["_54","_55"],"at":"1"},{"t":"text","i":"_54","p":"_53","c":[],"bottom":"20","right":"50"},{"t":"clipboard","i":"_55","p":"_53","c":[]}],"trimIDs":[]}}]}
09.02.24 20:06:33 DEBUG: Sent: 5063
09.02.24 20:08:29 INFO: Assets path configured: E:\devProjekte\Python-Projekte\flet\Flet-Test-Projekte\MySQL-Flet\assets
09.02.24 20:08:29 DEBUG: Creating new PubSubHub instance
09.02.24 20:08:29 INFO: Starting up TCP server on ('localhost', 49983)
09.02.24 20:08:29 DEBUG: Waiting for a client connection
09.02.24 20:08:29 INFO: Connected to Flet app and handling user sessions...
09.02.24 20:08:29 DEBUG: Connection from ('127.0.0.1', 50227)
09.02.24 20:08:29 DEBUG: Message size: 316
09.02.24 20:08:29 DEBUG: _on_message: {"action":"registerWebClient","payload":{"pageName":"","pageRoute":"/","pageWidth":"1264.0","pageHeight":"681.0","windowWidth":"1280.0","windowHeight":"720.0","windowTop":"150.0","windowLeft":"243.0","isPWA":"false","isWeb":"false","isDebug":"false","platform":"windows","platformBrightness":"light","sessionId":""}}
09.02.24 20:08:29 DEBUG: __send: {"action":"registerWebClient","payload":{"session":{"id":"","controls":{"page":{"i":"page","t":"page","p":"","c":[],"route":"/","width":"1264.0","height":"681.0","windowwidth":"1280.0","windowheight":"720.0","windowtop":"150.0","windowleft":"243.0","pwa":"false","web":"false","debug":"false","platform":"windows","platformBrightness":"light"}}},"error":"","appInactive":false}}
09.02.24 20:08:29 DEBUG: Sent: 382
09.02.24 20:08:29 DEBUG: _process_command: get ['page', 'route'] {}
09.02.24 20:08:29 DEBUG: _process_command: get ['page', 'pwa'] {}
09.02.24 20:08:29 DEBUG: _process_command: get ['page', 'web'] {}
09.02.24 20:08:29 DEBUG: _process_command: get ['page', 'debug'] {}
09.02.24 20:08:29 DEBUG: _process_command: get ['page', 'platform'] {}
09.02.24 20:08:29 DEBUG: _process_command: get ['page', 'platformBrightness'] {}
09.02.24 20:08:29 DEBUG: _process_command: get ['page', 'width'] {}
09.02.24 20:08:29 DEBUG: _process_command: get ['page', 'height'] {}
09.02.24 20:08:29 DEBUG: _process_command: get ['page', 'windowWidth'] {}
09.02.24 20:08:29 DEBUG: _process_command: get ['page', 'windowHeight'] {}
09.02.24 20:08:29 DEBUG: _process_command: get ['page', 'windowTop'] {}
09.02.24 20:08:29 DEBUG: _process_command: get ['page', 'windowLeft'] {}
09.02.24 20:08:29 DEBUG: _process_command: get ['page', 'clientIP'] {}
09.02.24 20:08:29 DEBUG: _process_command: get ['page', 'clientUserAgent'] {}
09.02.24 20:08:29 INFO: Session started: 
09.02.24 20:08:29 DEBUG: _process_command: set ['page'] {'title': 'TEST: MySQL'}
09.02.24 20:08:29 DEBUG: _process_command: add [] {'to': 'page', 'at': '0'}
09.02.24 20:08:29 DEBUG: _process_command: add [] {'to': 'page', 'at': '1'}
09.02.24 20:08:29 DEBUG: __send: {"action":"pageControlsBatch","payload":[{"action":"updateControlProps","payload":{"props":[{"i":"page","title":"TEST: MySQL"}]}},{"action":"addPageControls","payload":{"controls":[{"t":"view","i":"_1","p":"page","c":["_2","_5","_8"],"at":"0"},{"t":"navigationbar","i":"_2","p":"_1","c":["_3","_4"],"bgcolor":"teal50"},{"t":"navigationdestination","i":"_3","p":"_2","c":[],"icon":"home_outlined","label":"Tester Seite 2","selectedicon":"home"},{"t":"navigationdestination","i":"_4","p":"_2","c":[],"icon":"audiotrack","label":"Tester Seite"},{"t":"responsiverow","i":"_5","p":"_1","c":["_6","_7"]},{"t":"text","i":"_6","p":"_5","c":[],"color":"blue300","size":"40","textalign":"center","value":"TEST: MySQL"},{"t":"divider","i":"_7","p":"_5","c":[]},{"t":"container","i":"_8","p":"_1","c":["_9"]},{"t":"safearea","i":"_9","p":"_8","c":["_10"],"n":"content"},{"t":"container","i":"_10","p":"_9","c":["_11"],"n":"content"},{"t":"column","i":"_11","p":"_10","c":["_12"],"n":"content"},{"t":"container","i":"_12","p":"_11","c":["_13"],"height":"450"},{"t":"column","i":"_13","p":"_12","c":["_14","_19"],"n":"content"},{"t":"responsiverow","i":"_14","p":"_13","c":["_15"]},{"t":"container","i":"_15","p":"_14","c":["_16"],"bgcolor":"Grey100","col":"{\"md\":12}","padding":"5"},{"t":"row","i":"_16","p":"_15","c":["_17","_18"],"n":"content"},{"t":"text","i":"_17","p":"_16","c":[],"value":"Tu Was: ","weight":"bold"},{"t":"iconbutton","i":"_18","p":"_16","c":[],"bgcolor":"blue300","icon":"drive_folder_upload"},{"t":"responsiverow","i":"_19","p":"_13","c":["_20"],"height":"500"},{"t":"container","i":"_20","p":"_19","c":["_21"],"bgcolor":"Yellow50","col":"{\"md\":12}","padding":"5"},{"t":"column","i":"_21","p":"_20","c":["_22","_35","_45","_47"],"n":"content"},{"t":"column","i":"_22","p":"_21","c":["_23"]},{"t":"responsiverow","i":"_23","p":"_22","c":["_24","_29","_31","_33"],"height":"60"},{"t":"container","i":"_24","p":"_23","c":["_25"],"bgcolor":"Green100","col":"{\"sm\":6,\"md\":2,\"xl\":2}","padding":"5"},{"t":"row","i":"_25","p":"_24","c":["_26","_27","_28"],"n":"content"},{"t":"iconbutton","i":"_26","p":"_25","c":[],"icon":"ADD","iconcolor":"green","tooltip":"Daten hinzuf\u00fcgen"},{"t":"iconbutton","i":"_27","p":"_25","c":[],"icon":"EDIT","iconcolor":"green","tooltip":"\u00c4nderungen \u00fcbernehmen (Neu bzw. \u00c4ndern)"},{"t":"iconbutton","i":"_28","p":"_25","c":[],"icon":"REFRESH","iconcolor":"green","tooltip":"\u00c4nderungen verwerfen"},{"t":"container","i":"_29","p":"_23","c":["_30"],"bgcolor":"Green400","col":"{\"sm\":6,\"md\":2,\"xl\":2}","padding":"5"},{"t":"textfield","i":"_30","p":"_29","c":[],"border":"underline","hinttext":"ID des buches","label":"ID","n":"content","readonly":"true"},{"t":"container","i":"_31","p":"_23","c":["_32"],"bgcolor":"Green200","col":"{\"sm\":6,\"md\":4,\"xl\":4}","padding":"5"},{"t":"textfield","i":"_32","p":"_31","c":[],"border":"underline","label":"Titel des buches","n":"content"},{"t":"container","i":"_33","p":"_23","c":["_34"],"bgcolor":"Green300","col":"{\"sm\":6,\"md\":4,\"xl\":4}","padding":"5"},{"t":"textfield","i":"_34","p":"_33","c":[],"border":"underline","label":"ISBN","n":"content"},{"t":"column","i":"_35","p":"_21","c":["_36"]},{"t":"responsiverow","i":"_36","p":"_35","c":["_37","_39","_41","_43"]},{"t":"container","i":"_37","p":"_36","c":["_38"],"bgcolor":"Yellow100","col":"{\"sm\":6,\"md\":2,\"xl\":2}","padding":"5"},{"t":"text","i":"_38","p":"_37","c":[],"n":"content","value":"Aktion: ","weight":"bold"},{"t":"container","i":"_39","p":"_36","c":["_40"],"bgcolor":"Yellow200","col":"{\"sm\":6,\"md\":4,\"xl\":4}","padding":"5"},{"t":"text","i":"_40","p":"_39","c":[],"n":"content","value":"Titel: ","weight":"bold"},{"t":"container","i":"_41","p":"_36","c":["_42"],"bgcolor":"Yellow300","col":"{\"sm\":6,\"md\":2,\"xl\":2}","padding":"5"},{"t":"text","i":"_42","p":"_41","c":[],"n":"content","value":"ISBN: ","weight":"bold"},{"t":"container","i":"_43","p":"_36","c":["_44"],"bgcolor":"Yellow400","col":"{\"sm\":6,\"md\":4,\"xl\":4}","padding":"5"},{"t":"text","i":"_44","p":"_43","c":[],"n":"content","value":"Author: ","weight":"bold"},{"t":"column","i":"_45","p":"_21","c":["_46"],"expand":"1","scroll":"always"},{"t":"column","i":"_46","p":"_45","c":[]},{"t":"column","i":"_47","p":"_21","c":["_48"]},{"t":"responsiverow","i":"_48","p":"_47","c":["_49","_51"]},{"t":"container","i":"_49","p":"_48","c":["_50"],"bgcolor":"blue00","col":"{\"sm\":6,\"md\":6,\"xl\":6}","padding":"5"},{"t":"text","i":"_50","p":"_49","c":[],"n":"content","value":"(c) Armin H\u00fcnniger 02.2024 ","weight":"bold"},{"t":"container","i":"_51","p":"_48","c":["_52"],"bgcolor":"blue400","col":"{\"sm\":6,\"md\":6,\"xl\":6}","padding":"5"},{"t":"text","i":"_52","p":"_51","c":[],"n":"content","value":" ","weight":"bold"}],"trimIDs":[]}},{"action":"addPageControls","payload":{"controls":[{"t":"offstage","i":"_53","p":"page","c":["_54","_55"],"at":"1"},{"t":"text","i":"_54","p":"_53","c":[],"bottom":"20","right":"50"},{"t":"clipboard","i":"_55","p":"_53","c":[]}],"trimIDs":[]}}]}
09.02.24 20:08:29 DEBUG: Sent: 5063
09.02.24 20:09:18 INFO: Assets path configured: E:\devProjekte\Python-Projekte\flet\Flet-Test-Projekte\MySQL-Flet\assets
09.02.24 20:09:18 DEBUG: Creating new PubSubHub instance
09.02.24 20:09:18 INFO: Starting up TCP server on ('localhost', 49983)
09.02.24 20:09:18 DEBUG: Waiting for a client connection
09.02.24 20:09:18 INFO: Connected to Flet app and handling user sessions...
09.02.24 20:09:18 DEBUG: Connection from ('127.0.0.1', 50235)
09.02.24 20:09:18 DEBUG: Message size: 316
09.02.24 20:09:18 DEBUG: _on_message: {"action":"registerWebClient","payload":{"pageName":"","pageRoute":"/","pageWidth":"1264.0","pageHeight":"681.0","windowWidth":"1280.0","windowHeight":"720.0","windowTop":"150.0","windowLeft":"243.0","isPWA":"false","isWeb":"false","isDebug":"false","platform":"windows","platformBrightness":"light","sessionId":""}}
09.02.24 20:09:18 DEBUG: __send: {"action":"registerWebClient","payload":{"session":{"id":"","controls":{"page":{"i":"page","t":"page","p":"","c":[],"route":"/","width":"1264.0","height":"681.0","windowwidth":"1280.0","windowheight":"720.0","windowtop":"150.0","windowleft":"243.0","pwa":"false","web":"false","debug":"false","platform":"windows","platformBrightness":"light"}}},"error":"","appInactive":false}}
09.02.24 20:09:18 DEBUG: Sent: 382
09.02.24 20:09:18 DEBUG: _process_command: get ['page', 'route'] {}
09.02.24 20:09:18 DEBUG: _process_command: get ['page', 'pwa'] {}
09.02.24 20:09:18 DEBUG: _process_command: get ['page', 'web'] {}
09.02.24 20:09:18 DEBUG: _process_command: get ['page', 'debug'] {}
09.02.24 20:09:18 DEBUG: _process_command: get ['page', 'platform'] {}
09.02.24 20:09:18 DEBUG: _process_command: get ['page', 'platformBrightness'] {}
09.02.24 20:09:18 DEBUG: _process_command: get ['page', 'width'] {}
09.02.24 20:09:18 DEBUG: _process_command: get ['page', 'height'] {}
09.02.24 20:09:18 DEBUG: _process_command: get ['page', 'windowWidth'] {}
09.02.24 20:09:18 DEBUG: _process_command: get ['page', 'windowHeight'] {}
09.02.24 20:09:18 DEBUG: _process_command: get ['page', 'windowTop'] {}
09.02.24 20:09:18 DEBUG: _process_command: get ['page', 'windowLeft'] {}
09.02.24 20:09:18 DEBUG: _process_command: get ['page', 'clientIP'] {}
09.02.24 20:09:18 DEBUG: _process_command: get ['page', 'clientUserAgent'] {}
09.02.24 20:09:18 INFO: Session started: 
09.02.24 20:09:18 DEBUG: _process_command: set ['page'] {'title': 'TEST: MySQL'}
09.02.24 20:09:18 DEBUG: _process_command: add [] {'to': 'page', 'at': '0'}
09.02.24 20:09:18 DEBUG: _process_command: add [] {'to': 'page', 'at': '1'}
09.02.24 20:09:18 DEBUG: __send: {"action":"pageControlsBatch","payload":[{"action":"updateControlProps","payload":{"props":[{"i":"page","title":"TEST: MySQL"}]}},{"action":"addPageControls","payload":{"controls":[{"t":"view","i":"_1","p":"page","c":["_2","_5","_8"],"at":"0"},{"t":"navigationbar","i":"_2","p":"_1","c":["_3","_4"],"bgcolor":"teal50"},{"t":"navigationdestination","i":"_3","p":"_2","c":[],"icon":"home_outlined","label":"Tester Seite 2","selectedicon":"home"},{"t":"navigationdestination","i":"_4","p":"_2","c":[],"icon":"audiotrack","label":"Tester Seite"},{"t":"responsiverow","i":"_5","p":"_1","c":["_6","_7"]},{"t":"text","i":"_6","p":"_5","c":[],"color":"blue300","size":"40","textalign":"center","value":"TEST: MySQL"},{"t":"divider","i":"_7","p":"_5","c":[]},{"t":"container","i":"_8","p":"_1","c":["_9"]},{"t":"safearea","i":"_9","p":"_8","c":["_10"],"n":"content"},{"t":"container","i":"_10","p":"_9","c":["_11"],"n":"content"},{"t":"column","i":"_11","p":"_10","c":["_12"],"n":"content"},{"t":"container","i":"_12","p":"_11","c":["_13"],"height":"450"},{"t":"column","i":"_13","p":"_12","c":["_14","_19"],"n":"content"},{"t":"responsiverow","i":"_14","p":"_13","c":["_15"]},{"t":"container","i":"_15","p":"_14","c":["_16"],"bgcolor":"Grey100","col":"{\"md\":12}","padding":"5"},{"t":"row","i":"_16","p":"_15","c":["_17","_18"],"n":"content"},{"t":"text","i":"_17","p":"_16","c":[],"value":"Tu Was: ","weight":"bold"},{"t":"iconbutton","i":"_18","p":"_16","c":[],"bgcolor":"blue300","icon":"drive_folder_upload"},{"t":"responsiverow","i":"_19","p":"_13","c":["_20"],"height":"500"},{"t":"container","i":"_20","p":"_19","c":["_21"],"bgcolor":"Yellow50","col":"{\"md\":12}","padding":"5"},{"t":"column","i":"_21","p":"_20","c":["_22","_35","_45","_47"],"n":"content"},{"t":"column","i":"_22","p":"_21","c":["_23"]},{"t":"responsiverow","i":"_23","p":"_22","c":["_24","_29","_31","_33"],"height":"60"},{"t":"container","i":"_24","p":"_23","c":["_25"],"bgcolor":"Green100","col":"{\"sm\":6,\"md\":2,\"xl\":2}","padding":"5"},{"t":"row","i":"_25","p":"_24","c":["_26","_27","_28"],"n":"content"},{"t":"iconbutton","i":"_26","p":"_25","c":[],"icon":"ADD","iconcolor":"green","tooltip":"Daten hinzuf\u00fcgen"},{"t":"iconbutton","i":"_27","p":"_25","c":[],"icon":"EDIT","iconcolor":"green","tooltip":"\u00c4nderungen \u00fcbernehmen (Neu bzw. \u00c4ndern)"},{"t":"iconbutton","i":"_28","p":"_25","c":[],"icon":"REFRESH","iconcolor":"green","tooltip":"\u00c4nderungen verwerfen"},{"t":"container","i":"_29","p":"_23","c":["_30"],"bgcolor":"Green400","col":"{\"sm\":6,\"md\":2,\"xl\":2}","padding":"5"},{"t":"textfield","i":"_30","p":"_29","c":[],"border":"underline","hinttext":"ID des buches","label":"ID","n":"content","readonly":"true"},{"t":"container","i":"_31","p":"_23","c":["_32"],"bgcolor":"Green200","col":"{\"sm\":6,\"md\":4,\"xl\":4}","padding":"5"},{"t":"textfield","i":"_32","p":"_31","c":[],"border":"underline","label":"Titel des buches","n":"content"},{"t":"container","i":"_33","p":"_23","c":["_34"],"bgcolor":"Green300","col":"{\"sm\":6,\"md\":4,\"xl\":4}","padding":"5"},{"t":"textfield","i":"_34","p":"_33","c":[],"border":"underline","label":"ISBN","n":"content"},{"t":"column","i":"_35","p":"_21","c":["_36"]},{"t":"responsiverow","i":"_36","p":"_35","c":["_37","_39","_41","_43"]},{"t":"container","i":"_37","p":"_36","c":["_38"],"bgcolor":"Yellow100","col":"{\"sm\":6,\"md\":2,\"xl\":2}","padding":"5"},{"t":"text","i":"_38","p":"_37","c":[],"n":"content","value":"Aktion: ","weight":"bold"},{"t":"container","i":"_39","p":"_36","c":["_40"],"bgcolor":"Yellow200","col":"{\"sm\":6,\"md\":4,\"xl\":4}","padding":"5"},{"t":"text","i":"_40","p":"_39","c":[],"n":"content","value":"Titel: ","weight":"bold"},{"t":"container","i":"_41","p":"_36","c":["_42"],"bgcolor":"Yellow300","col":"{\"sm\":6,\"md\":2,\"xl\":2}","padding":"5"},{"t":"text","i":"_42","p":"_41","c":[],"n":"content","value":"ISBN: ","weight":"bold"},{"t":"container","i":"_43","p":"_36","c":["_44"],"bgcolor":"Yellow400","col":"{\"sm\":6,\"md\":4,\"xl\":4}","padding":"5"},{"t":"text","i":"_44","p":"_43","c":[],"n":"content","value":"Author: ","weight":"bold"},{"t":"column","i":"_45","p":"_21","c":["_46"],"expand":"1","scroll":"always"},{"t":"column","i":"_46","p":"_45","c":[]},{"t":"column","i":"_47","p":"_21","c":["_48"]},{"t":"responsiverow","i":"_48","p":"_47","c":["_49","_51"]},{"t":"container","i":"_49","p":"_48","c":["_50"],"bgcolor":"blue00","col":"{\"sm\":6,\"md\":6,\"xl\":6}","padding":"5"},{"t":"text","i":"_50","p":"_49","c":[],"n":"content","value":"(c) Armin H\u00fcnniger 02.2024 ","weight":"bold"},{"t":"container","i":"_51","p":"_48","c":["_52"],"bgcolor":"blue400","col":"{\"sm\":6,\"md\":6,\"xl\":6}","padding":"5"},{"t":"text","i":"_52","p":"_51","c":[],"n":"content","value":" ","weight":"bold"}],"trimIDs":[]}},{"action":"addPageControls","payload":{"controls":[{"t":"offstage","i":"_53","p":"page","c":["_54","_55"],"at":"1"},{"t":"text","i":"_54","p":"_53","c":[],"bottom":"20","right":"50"},{"t":"clipboard","i":"_55","p":"_53","c":[]}],"trimIDs":[]}}]}
09.02.24 20:09:18 DEBUG: Sent: 5063
09.02.24 20:12:21 INFO: Assets path configured: E:\devProjekte\Python-Projekte\flet\Flet-Test-Projekte\MySQL-Flet\assets
09.02.24 20:12:21 DEBUG: Creating new PubSubHub instance
09.02.24 20:12:21 INFO: Starting up TCP server on ('localhost', 49983)
09.02.24 20:12:21 DEBUG: Waiting for a client connection
09.02.24 20:12:21 INFO: Connected to Flet app and handling user sessions...
09.02.24 20:12:21 DEBUG: Connection from ('127.0.0.1', 50297)
09.02.24 20:12:21 DEBUG: Message size: 316
09.02.24 20:12:21 DEBUG: _on_message: {"action":"registerWebClient","payload":{"pageName":"","pageRoute":"/","pageWidth":"1264.0","pageHeight":"681.0","windowWidth":"1280.0","windowHeight":"720.0","windowTop":"150.0","windowLeft":"243.0","isPWA":"false","isWeb":"false","isDebug":"false","platform":"windows","platformBrightness":"light","sessionId":""}}
09.02.24 20:12:21 DEBUG: __send: {"action":"registerWebClient","payload":{"session":{"id":"","controls":{"page":{"i":"page","t":"page","p":"","c":[],"route":"/","width":"1264.0","height":"681.0","windowwidth":"1280.0","windowheight":"720.0","windowtop":"150.0","windowleft":"243.0","pwa":"false","web":"false","debug":"false","platform":"windows","platformBrightness":"light"}}},"error":"","appInactive":false}}
09.02.24 20:12:21 DEBUG: Sent: 382
09.02.24 20:12:21 DEBUG: _process_command: get ['page', 'route'] {}
09.02.24 20:12:21 DEBUG: _process_command: get ['page', 'pwa'] {}
09.02.24 20:12:21 DEBUG: _process_command: get ['page', 'web'] {}
09.02.24 20:12:21 DEBUG: _process_command: get ['page', 'debug'] {}
09.02.24 20:12:21 DEBUG: _process_command: get ['page', 'platform'] {}
09.02.24 20:12:21 DEBUG: _process_command: get ['page', 'platformBrightness'] {}
09.02.24 20:12:21 DEBUG: _process_command: get ['page', 'width'] {}
09.02.24 20:12:21 DEBUG: _process_command: get ['page', 'height'] {}
09.02.24 20:12:21 DEBUG: _process_command: get ['page', 'windowWidth'] {}
09.02.24 20:12:21 DEBUG: _process_command: get ['page', 'windowHeight'] {}
09.02.24 20:12:21 DEBUG: _process_command: get ['page', 'windowTop'] {}
09.02.24 20:12:21 DEBUG: _process_command: get ['page', 'windowLeft'] {}
09.02.24 20:12:21 DEBUG: _process_command: get ['page', 'clientIP'] {}
09.02.24 20:12:21 DEBUG: _process_command: get ['page', 'clientUserAgent'] {}
09.02.24 20:12:21 INFO: Session started: 
09.02.24 20:12:21 DEBUG: _process_command: set ['page'] {'title': 'TEST: MySQL'}
09.02.24 20:12:21 DEBUG: _process_command: add [] {'to': 'page', 'at': '0'}
09.02.24 20:12:21 DEBUG: _process_command: add [] {'to': 'page', 'at': '1'}
09.02.24 20:12:21 DEBUG: __send: {"action":"pageControlsBatch","payload":[{"action":"updateControlProps","payload":{"props":[{"i":"page","title":"TEST: MySQL"}]}},{"action":"addPageControls","payload":{"controls":[{"t":"view","i":"_1","p":"page","c":["_2","_5","_8"],"at":"0"},{"t":"navigationbar","i":"_2","p":"_1","c":["_3","_4"],"bgcolor":"teal50"},{"t":"navigationdestination","i":"_3","p":"_2","c":[],"icon":"home_outlined","label":"Tester Seite 2","selectedicon":"home"},{"t":"navigationdestination","i":"_4","p":"_2","c":[],"icon":"audiotrack","label":"Tester Seite"},{"t":"responsiverow","i":"_5","p":"_1","c":["_6","_7"]},{"t":"text","i":"_6","p":"_5","c":[],"color":"blue300","size":"40","textalign":"center","value":"TEST: MySQL"},{"t":"divider","i":"_7","p":"_5","c":[]},{"t":"container","i":"_8","p":"_1","c":["_9"]},{"t":"safearea","i":"_9","p":"_8","c":["_10"],"n":"content"},{"t":"container","i":"_10","p":"_9","c":["_11"],"n":"content"},{"t":"column","i":"_11","p":"_10","c":["_12"],"n":"content"},{"t":"container","i":"_12","p":"_11","c":["_13"],"height":"450"},{"t":"column","i":"_13","p":"_12","c":["_14","_19"],"n":"content"},{"t":"responsiverow","i":"_14","p":"_13","c":["_15"]},{"t":"container","i":"_15","p":"_14","c":["_16"],"bgcolor":"Grey100","col":"{\"md\":12}","padding":"5"},{"t":"row","i":"_16","p":"_15","c":["_17","_18"],"n":"content"},{"t":"text","i":"_17","p":"_16","c":[],"value":"Tu Was: ","weight":"bold"},{"t":"iconbutton","i":"_18","p":"_16","c":[],"bgcolor":"blue300","icon":"drive_folder_upload"},{"t":"responsiverow","i":"_19","p":"_13","c":["_20"],"height":"500"},{"t":"container","i":"_20","p":"_19","c":["_21"],"bgcolor":"Yellow50","col":"{\"md\":12}","padding":"5"},{"t":"column","i":"_21","p":"_20","c":["_22","_35","_45","_47"],"n":"content"},{"t":"column","i":"_22","p":"_21","c":["_23"]},{"t":"responsiverow","i":"_23","p":"_22","c":["_24","_29","_31","_33"],"height":"60"},{"t":"container","i":"_24","p":"_23","c":["_25"],"bgcolor":"Green100","col":"{\"sm\":6,\"md\":2,\"xl\":2}","padding":"5"},{"t":"row","i":"_25","p":"_24","c":["_26","_27","_28"],"n":"content"},{"t":"iconbutton","i":"_26","p":"_25","c":[],"icon":"ADD","iconcolor":"green","tooltip":"Daten hinzuf\u00fcgen"},{"t":"iconbutton","i":"_27","p":"_25","c":[],"icon":"EDIT","iconcolor":"green","tooltip":"\u00c4nderungen \u00fcbernehmen (Neu bzw. \u00c4ndern)"},{"t":"iconbutton","i":"_28","p":"_25","c":[],"icon":"REFRESH","iconcolor":"green","tooltip":"\u00c4nderungen verwerfen"},{"t":"container","i":"_29","p":"_23","c":["_30"],"bgcolor":"Green400","col":"{\"sm\":6,\"md\":2,\"xl\":2}","padding":"5"},{"t":"textfield","i":"_30","p":"_29","c":[],"border":"underline","hinttext":"ID des buches","label":"ID","n":"content","readonly":"true"},{"t":"container","i":"_31","p":"_23","c":["_32"],"bgcolor":"Green200","col":"{\"sm\":6,\"md\":4,\"xl\":4}","padding":"5"},{"t":"textfield","i":"_32","p":"_31","c":[],"border":"underline","label":"Titel des buches","n":"content"},{"t":"container","i":"_33","p":"_23","c":["_34"],"bgcolor":"Green300","col":"{\"sm\":6,\"md\":4,\"xl\":4}","padding":"5"},{"t":"textfield","i":"_34","p":"_33","c":[],"border":"underline","label":"ISBN","n":"content"},{"t":"column","i":"_35","p":"_21","c":["_36"]},{"t":"responsiverow","i":"_36","p":"_35","c":["_37","_39","_41","_43"]},{"t":"container","i":"_37","p":"_36","c":["_38"],"bgcolor":"Yellow100","col":"{\"sm\":6,\"md\":2,\"xl\":2}","padding":"5"},{"t":"text","i":"_38","p":"_37","c":[],"n":"content","value":"Aktion: ","weight":"bold"},{"t":"container","i":"_39","p":"_36","c":["_40"],"bgcolor":"Yellow200","col":"{\"sm\":6,\"md\":4,\"xl\":4}","padding":"5"},{"t":"text","i":"_40","p":"_39","c":[],"n":"content","value":"Titel: ","weight":"bold"},{"t":"container","i":"_41","p":"_36","c":["_42"],"bgcolor":"Yellow300","col":"{\"sm\":6,\"md\":2,\"xl\":2}","padding":"5"},{"t":"text","i":"_42","p":"_41","c":[],"n":"content","value":"ISBN: ","weight":"bold"},{"t":"container","i":"_43","p":"_36","c":["_44"],"bgcolor":"Yellow400","col":"{\"sm\":6,\"md\":4,\"xl\":4}","padding":"5"},{"t":"text","i":"_44","p":"_43","c":[],"n":"content","value":"Author: ","weight":"bold"},{"t":"column","i":"_45","p":"_21","c":["_46"],"expand":"1","scroll":"always"},{"t":"column","i":"_46","p":"_45","c":[]},{"t":"column","i":"_47","p":"_21","c":["_48"]},{"t":"responsiverow","i":"_48","p":"_47","c":["_49","_51"]},{"t":"container","i":"_49","p":"_48","c":["_50"],"bgcolor":"blue00","col":"{\"sm\":6,\"md\":6,\"xl\":6}","padding":"5"},{"t":"text","i":"_50","p":"_49","c":[],"n":"content","value":"(c) Armin H\u00fcnniger 02.2024 ","weight":"bold"},{"t":"container","i":"_51","p":"_48","c":["_52"],"bgcolor":"blue400","col":"{\"sm\":6,\"md\":6,\"xl\":6}","padding":"5"},{"t":"text","i":"_52","p":"_51","c":[],"n":"content","value":" ","weight":"bold"}],"trimIDs":[]}},{"action":"addPageControls","payload":{"controls":[{"t":"offstage","i":"_53","p":"page","c":["_54","_55"],"at":"1"},{"t":"text","i":"_54","p":"_53","c":[],"bottom":"20","right":"50"},{"t":"clipboard","i":"_55","p":"_53","c":[]}],"trimIDs":[]}}]}
09.02.24 20:12:21 DEBUG: Sent: 5063
